 Parameter: DIR <- "."
 Parameter: LIG <- "LIG7"
 Parameter: SEG <- "MOL"
1
                 Chemistry at HARvard Macromolecular Mechanics
           (CHARMM) - Developmental Version 49a1     August 15, 2023            
                            Git commit ID 78efbde3b                             
       Copyright(c) 1984-2023  President and Fellows of Harvard College
                              All Rights Reserved
  Current operating system: Linux-4.18.0-348.2.1.el8_5.x86_64(x86_64)@taunus.   
                 Created on 12/23/24 at 21:10:21 by user: parveeng    

            Maximum number of ATOMS:    360720, and RESidues:      120240
 RDTITL> * RUN SEGMENT THROUGH CHARMM
 RDTITL> * LIGPARGEN PARAMETERS FOR LIGAND
 RDTITL> *
  
 CHARMM>     
  
 CHARMM>    prnlev 5
  
 CHARMM>    ! read topology and parameter files
 CHARMM>    stream toppar.str
 VOPEN> Attempting to open::toppar.str::
 OPNLGU> Unit 99 opened for READONLY access to toppar.str

                    INPUT STREAM SWITCHING TO UNIT    99
 RDTITL> * STREAM FILE FOR TOPOLOGY AND PARAMETER READING
 RDTITL> *
 Parameter: IN1 <- "" <empty>
  
 CHARMM>     
  
 CHARMM>    ! protein topology and parameter
 CHARMM>    read rtf card name toppar/top_opls_aam.inp
 VOPEN> Attempting to open::toppar/top_opls_aam.inp::
 MAINIO> Residue topology file being read from unit  90.
 TITLE> *>>>>>>>>>>>  OPLS-AA/M ALL-ATOM TOPLOGY FILE FOR PROTEINS  <<<<
 TITLE> *>>>>>>>>>>>>>>>>>>>>>>>>  JUN 2015  <<<<<<<<<<<<<<<<<<<<<<<<<<<
 TITLE> *>>>>>>  GENERATED AUTOMATICALLY FROM PEPZ DATABASE FILES  <<<<<
 TITLE> *>>>>>>>>>>  SCRIPT IN PERL, AVAILABLE FROM D. PRICE  <<<<<<<<<<
 TITLE> *>>>>>>>>>>> EDITED BY M.J. ROBERTSON TO OPLS-AA/M <<<<<<<<<<<<<
 TITLE> *>>>>>>>>>>>>>>>>  EMAIL: MICHAEL.ROBERTSON AT YALE.EDU  <<<<<<<
 TITLE> *
 VCLOSE: Closing unit   90 with status "KEEP"
  
 CHARMM>    read param flex card name toppar/par_opls_aam.inp
 VOPEN> Attempting to open::toppar/par_opls_aam.inp::

          PARAMETER FILE BEING READ FROM UNIT 90
 TITLE> * PARAMETER FILE FOR OPLS-AA/M FOR PROTEINS *
 TITLE> *
 PARMIO> NONBOND, HBOND lists and IMAGE atoms cleared.
 VCLOSE: Closing unit   90 with status "KEEP"
  
 CHARMM>     
  
 CHARMM>    ! Custom topology and parameter files for LIG
 CHARMM>    read rtf card name @lig_charmm.rtf append
 Parameter: LIG -> "LIG7"
 VOPEN> Attempting to open::lig7_charmm.rtf::
 MAINIO> Residue topology file being read from unit  90.
 TITLE> *
 RDTITL> No title read.
 **** WARNING from RTFRDR **** The total charge of the residue, MOL ,  -0.0006000,
 does not equal the expected charge,  -0.0000000.
 There were   1 warning(s) from RTFRDR.
 VCLOSE: Closing unit   90 with status "KEEP"
  
 CHARMM>    read param flex card name @lig_charmm.prm append
 Parameter: LIG -> "LIG7"
 VOPEN> Attempting to open::lig7_charmm.prm::

          PARAMETER FILE BEING READ FROM UNIT 90
 TITLE> ATOM
 RDTITL> No title read.
 PARMIO> NONBOND, HBOND lists and IMAGE atoms cleared.
 VCLOSE: Closing unit   90 with status "KEEP"
  
 CHARMM>     
  
 VCLOSE: Closing unit   99 with status "KEEP"

                    RETURNING TO INPUT STREAM     5
  
 CHARMM>     
  
 CHARMM>    ! Read sequence from the PDB coordinate file
 CHARMM>    read sequ pdb resi name @dir/@lig.charmm.pdb
 Parameter: DIR -> "."
 Parameter: LIG -> "LIG7"
 VOPEN> Attempting to open::./lig7.charmm.pdb::
 **** Warning ****  The following extraneous characters
 were found while command processing in CHARMM
 RESI
 MAINIO> Sequence information being read from unit  90.
 TITLE>  *

          RESIDUE SEQUENCE --     1 RESIDUES
          MOL 
 VCLOSE: Closing unit   90 with status "KEEP"
  
 CHARMM>     
  
 CHARMM>    bomlev -1
  
 CHARMM>    generate @seg setu
 Parameter: SEG -> "MOL"
 NO PATCHING WILL BE DONE ON THE FIRST RESIDUE
 NO PATCHING WILL BE DONE ON THE LAST  RESIDUE
 AUTGEN: Autogenerating specified angles and dihedrals.
 GENPSF> Segment   1 has been generated. Its identifier is MOL.

 Warning from PSFSUM: The sum of charges (   -0.000600) is not an integer


      ***** LEVEL  0 WARNING FROM <PSFSUM> *****
      ***** Total charge not an integer
      ******************************************
      BOMLEV ( -1) IS NOT REACHED. WRNLEV IS  5

 PSFSUM> PSF modified: NONBOND lists and IMAGE atoms cleared.
 PSFSUM> Summary of the structure file counters :
         Number of segments      =        1   Number of residues   =        1
         Number of atoms         =       26   Number of groups     =        7
         Number of bonds         =       25   Number of angles     =       48
         Number of dihedrals     =       63   Number of impropers  =        0
         Number of cross-terms   =        0   Number of autogens   =        0
         Number of HB acceptors  =        0   Number of HB donors  =        0
         Number of NB exclusions =        0   Total charge =   -0.00060
 QXFORM> Expanded format used.
         More than 4 character atom type used.
  
 CHARMM>     
  
 CHARMM>    ! fix the non-integer charge problem
 CHARMM>    ! `Charlie's oNE-LINE solution`
 CHARMM>    SCALar CHARGE stat
 Statistics for   26 selected atoms:
       minimum =  -0.238100      maximum =   9.930000E-02 weight =    26.0000    
       average =  -2.307692E-05  variance=   0.130407     total  =  -6.000000E-04

 Warning from SCALAR: The sum of charges (   -0.000600) is not an integer

  
 CHARMM>    set qavg = ?SAVE
 RDCMND substituted energy or value "?SAVE" to "-2.307692308E-05"
 Parameter: QAVG <- "-2.307692308E-05"
  
 CHARMM>    SCALar CHARGE add -@qavg
 Parameter: QAVG -> "-2.307692308E-05"
  
 CHARMM>    SCALar CHARGE stat
 Statistics for   26 selected atoms:
       minimum =  -0.238077      maximum =   9.932308E-02 weight =    26.0000    
       average =   3.079801E-15  variance=   0.130407     total  =   8.007484E-14
  
 CHARMM>     
  
 CHARMM>    bomlev -1
  
 CHARMM>    read coor pdb name @dir/@lig.charmm.pdb
 Parameter: DIR -> "."
 Parameter: LIG -> "LIG7"
 VOPEN> Attempting to open::./lig7.charmm.pdb::
  read CHARMM-pdb format
          SPATIAL COORDINATES BEING READ FROM UNIT 90
 TITLE>  *
 ** WARNING ** After reading, there are no coordinates for selected atom:    26     1 MOL  H18 

 ** A total of     1 selected atoms have no coordinates
 *** LEVEL  2 WARNING *** BOMLEV IS   -1
 VCLOSE: Closing unit   90 with status "KEEP"
  
 CHARMM>    bomlev 0
  
 CHARMM>     
  
 CHARMM>    define fixed sele (.not. INIT) .and. (.not. hydrogen) end
 SELRPN>      0 atoms have been selected out of     26
  
 CHARMM>     
  
 CHARMM>    !Print heavy atoms with unknown coordinates
 CHARMM>    coor print sele (.not. INIT) .and. (.not. hydrogen) end
 SELRPN>      0 atoms have been selected out of     26

      ***** LEVEL  2 WARNING FROM <COORIO> *****
      ***** ZERO ATOMS SPECIFIED TO WRITE. NO FILE CREATED
      ******************************************
      BOMLEV (  0) IS NOT REACHED. WRNLEV IS  5

  
 CHARMM>     
  
 CHARMM>    ic generate

               Generation complete. New IC table entries:

        N      I             J             K             L        R(I(J/K)) T(I(JK/KJ)) PHI   T(JKL)   R(KL)

        1     1 H1          1 C2          1 *C1         1 H2         0.0000    0.00  120.00    0.00   0.0000
        2     1 H1          1 C2          1 *C1         1 H3         0.0000    0.00 -120.00    0.00   0.0000
        3     1 H1          1 C1          1 C2          1 C4         0.0000    0.00  180.00    0.00   0.0000
        4     1 C4          1 C1          1 *C2         1 C3         0.0000    0.00  120.00    0.00   0.0000
        5     1 C4          1 C1          1 *C2         1 H4         0.0000    0.00 -120.00    0.00   0.0000
        6     1 C1          1 C2          1 C3          1 H5         0.0000    0.00  180.00    0.00   0.0000
        7     1 H5          1 C2          1 *C3         1 H6         0.0000    0.00  120.00    0.00   0.0000
        8     1 H5          1 C2          1 *C3         1 H7         0.0000    0.00 -120.00    0.00   0.0000
        9     1 C1          1 C2          1 C4          1 C5         0.0000    0.00  180.00    0.00   0.0000
       10     1 C5          1 C2          1 *C4         1 H8         0.0000    0.00  120.00    0.00   0.0000
       11     1 C5          1 C2          1 *C4         1 H9         0.0000    0.00 -120.00    0.00   0.0000
       12     1 C2          1 C4          1 C5          1 C6         0.0000    0.00  180.00    0.00   0.0000
       13     1 C6          1 C4          1 *C5         1 C7         0.0000    0.00  120.00    0.00   0.0000
       14     1 C6          1 C4          1 *C5         1 C8         0.0000    0.00 -120.00    0.00   0.0000
       15     1 C4          1 C5          1 C6          1 H10        0.0000    0.00  180.00    0.00   0.0000
       16     1 H10         1 C5          1 *C6         1 H11        0.0000    0.00  120.00    0.00   0.0000
       17     1 H10         1 C5          1 *C6         1 H12        0.0000    0.00 -120.00    0.00   0.0000
       18     1 C4          1 C5          1 C7          1 H13        0.0000    0.00  180.00    0.00   0.0000
       19     1 H13         1 C5          1 *C7         1 H14        0.0000    0.00  120.00    0.00   0.0000
       20     1 H13         1 C5          1 *C7         1 H15        0.0000    0.00 -120.00    0.00   0.0000
       21     1 C4          1 C5          1 C8          1 H16        0.0000    0.00  180.00    0.00   0.0000
       22     1 H16         1 C5          1 *C8         1 H17        0.0000    0.00  120.00    0.00   0.0000
       23     1 H16         1 C5          1 *C8         1 H18        0.0000    0.00 -120.00    0.00   0.0000
  
 CHARMM>    ic param
  
 CHARMM>    ic build
  
 CHARMM>    define LONEPAIR sele chem LPH end
 SELRPN>      0 atoms have been selected out of     26
  
 CHARMM>    if ?nsel .gt. 0 coor shake sele LONEPAIR end
 RDCMND substituted energy or value "?NSEL" to "0"
 Comparing "0" and "0".
 IF test evaluated as false.  Skipping command
  
 CHARMM>    prnlev 0
  
 CHARMM>     
  
 CHARMM>    ! check if there are unknown coordinate
 CHARMM>    define XXX sele .not. INIT show end
 The following atoms are currently set:
SEGId RESId RESName  .. TYPEs ..
 SELRPN>      0 atoms have been selected out of     26
  
 CHARMM>    if ?nsel .gt. 0 stop ! ABNORMAL TERMINATION: Undefined coordinates
 RDCMND substituted energy or value "?NSEL" to "0"
 Comparing "0" and "0".
 IF test evaluated as false.  Skipping command
  
 CHARMM>     
  
 CHARMM>    ENERGY

 NONBOND OPTION FLAGS: 
     ELEC     VDW      ATOMs    CDIElec  SWITch   VATOm    VSWItch 
     BYGRoup  NOEXtnd  NOEWald 
 CUTNB  = 14.000 CTEXNB =999.000 CTONNB = 11.500 CTOFNB = 12.000
 CGONNB =  0.000 CGOFNB = 10.000
 WMIN   =  1.500 WRNMXD =  0.500 E14FAC =  0.500 EPS    =  1.000
 NBXMOD =      5
 There are        0 atom  pairs and        0 atom  exclusions.
 There are        0 group pairs and        0 group exclusions.
 <MAKINB> with mode   5 found     73 exclusions and     63 interactions(1-4)
 <MAKGRP> found     15 group exclusions.
 Generating nonbond list with Exclusion mode = 5
 == PRIMARY == SPACE FOR      313 ATOM PAIRS AND        0 GROUP PAIRS

 General atom nonbond list generation found:
      252 ATOM PAIRS WERE FOUND FOR ATOM LIST
        0 GROUP PAIRS REQUIRED ATOM SEARCHES

ENER ENR:  Eval#     ENERgy      Delta-E         GRMS
ENER INTERN:          BONDs       ANGLes       UREY-b    DIHEdrals    IMPRopers
ENER EXTERN:        VDWaals         ELEC       HBONds          ASP         USER
 ----------       ---------    ---------    ---------    ---------    ---------
ENER>        0      6.30609      0.00000      4.21715
ENER INTERN>        0.72287      2.64427      0.00000      3.33517      0.00000
ENER EXTERN>        2.45685     -2.85307      0.00000      0.00000      0.00000
 ----------       ---------    ---------    ---------    ---------    ---------
  
 CHARMM>     
  
 CHARMM>    write psf card name @dir/@lig.psf
 Parameter: DIR -> "."
 Parameter: LIG -> "LIG7"
 VOPEN> Attempting to open::./lig7.psf::
 RDTITL> WRITE COOR CARD NAME ./LIG7.CRD
 RDTITL> No title read.
 VCLOSE: Closing unit   90 with status "KEEP"
 VCLOSE: Closing unit   90 with status "KEEP"
  
 CHARMM>    write coor card name @dir/@lig.crd
 Parameter: DIR -> "."
 Parameter: LIG -> "LIG7"
 VOPEN> Attempting to open::./lig7.crd::
 RDTITL> STOP
 RDTITL> No title read.
 VCLOSE: Closing unit   90 with status "KEEP"
 VCLOSE: Closing unit   90 with status "KEEP"
  
 CHARMM>    stop
      $$$$$$  New timer profile Local node$$$$$
   List time                       0.00 Other:            0.00
         Electrostatic & VDW             0.00 Other:            0.00
      Nonbond force                   0.00 Other:            0.00
         Bond energy                     0.00 Other:            0.00
         Angle energy                    0.00 Other:            0.00
         Dihedral energy                 0.00 Other:            0.00
         Restraints energy               0.00 Other:            0.00
      INTRNL energy                   0.00 Other:            0.00
      Comm energy                     0.00 Other:            0.00
      Comm force                      0.00 Other:            0.00
   Energy time                     0.00 Other:            0.00
 Total time                      0.16 Other:            0.16
         $$$$$$  Average   profile $$$$$
   List time                       0.00 Other:            0.00
         Electrostatic & VDW             0.00 Other:            0.00
      Nonbond force                   0.00 Other:            0.00
         Bond energy                     0.00 Other:            0.00
         Angle energy                    0.00 Other:            0.00
         Dihedral energy                 0.00 Other:            0.00
         Restraints energy               0.00 Other:            0.00
      INTRNL energy                   0.00 Other:            0.00
      Comm energy                     0.00 Other:            0.00
      Comm force                      0.00 Other:            0.00
   Energy time                     0.00 Other:            0.00
 Total time                      0.16 Other:            0.16

                    NORMAL TERMINATION BY NORMAL STOP
                    MOST SEVERE WARNING WAS AT LEVEL  0

                    $$$$$ JOB ACCOUNTING INFORMATION $$$$$
                     ELAPSED TIME:     0.21  SECONDS 
                         CPU TIME:     0.04  SECONDS 
