 Parameter: DIR <- "."
 Parameter: LIG <- "LIG7"
1
                 Chemistry at HARvard Macromolecular Mechanics
           (CHARMM) - Developmental Version 49a1     August 15, 2023            
                            Git commit ID 78efbde3b                             
       Copyright(c) 1984-2023  President and Fellows of Harvard College
                              All Rights Reserved
  Current operating system: Linux-4.18.0-348.2.1.el8_5.x86_64(x86_64)@taunus.   
                 Created on 12/23/24 at 21:10:21 by user: parveeng    

            Maximum number of ATOMS:    360720, and RESidues:      120240
 RDTITL> * SOLVATE PROTEIN
 RDTITL> * THIS SCRIPT WILL MAKE A A CUBIC WITH 10 ANGSTROMS FROM
 RDTITL> * THE EDGE.
 RDTITL> *
  
 CHARMM>     
  
 CHARMM>    ! read topology and parameter files
 CHARMM>    stream toppar.str
 VOPEN> Attempting to open::toppar.str::
 OPNLGU> Unit 99 opened for READONLY access to toppar.str

                    INPUT STREAM SWITCHING TO UNIT    99
 RDTITL> * STREAM FILE FOR TOPOLOGY AND PARAMETER READING
 RDTITL> *
 Parameter: IN1 <- "" <empty>
  
 CHARMM>     
  
 CHARMM>    ! protein topology and parameter
 CHARMM>    read rtf card name toppar/top_opls_aam.inp
 VOPEN> Attempting to open::toppar/top_opls_aam.inp::
 MAINIO> Residue topology file being read from unit  90.
 TITLE> *>>>>>>>>>>>  OPLS-AA/M ALL-ATOM TOPLOGY FILE FOR PROTEINS  <<<<
 TITLE> *>>>>>>>>>>>>>>>>>>>>>>>>  JUN 2015  <<<<<<<<<<<<<<<<<<<<<<<<<<<
 TITLE> *>>>>>>  GENERATED AUTOMATICALLY FROM PEPZ DATABASE FILES  <<<<<
 TITLE> *>>>>>>>>>>  SCRIPT IN PERL, AVAILABLE FROM D. PRICE  <<<<<<<<<<
 TITLE> *>>>>>>>>>>> EDITED BY M.J. ROBERTSON TO OPLS-AA/M <<<<<<<<<<<<<
 TITLE> *>>>>>>>>>>>>>>>>  EMAIL: MICHAEL.ROBERTSON AT YALE.EDU  <<<<<<<
 TITLE> *
 VCLOSE: Closing unit   90 with status "KEEP"
  
 CHARMM>    read param flex card name toppar/par_opls_aam.inp
 VOPEN> Attempting to open::toppar/par_opls_aam.inp::

          PARAMETER FILE BEING READ FROM UNIT 90
 TITLE> * PARAMETER FILE FOR OPLS-AA/M FOR PROTEINS *
 TITLE> *
 PARMIO> NONBOND, HBOND lists and IMAGE atoms cleared.
 VCLOSE: Closing unit   90 with status "KEEP"
  
 CHARMM>     
  
 CHARMM>    ! Custom topology and parameter files for LIG
 CHARMM>    read rtf card name @lig_charmm.rtf append
 Parameter: LIG -> "LIG7"
 VOPEN> Attempting to open::lig7_charmm.rtf::
 MAINIO> Residue topology file being read from unit  90.
 TITLE> *
 RDTITL> No title read.
 **** WARNING from RTFRDR **** The total charge of the residue, MOL ,  -0.0006000,
 does not equal the expected charge,  -0.0000000.
 There were   1 warning(s) from RTFRDR.
 VCLOSE: Closing unit   90 with status "KEEP"
  
 CHARMM>    read param flex card name @lig_charmm.prm append
 Parameter: LIG -> "LIG7"
 VOPEN> Attempting to open::lig7_charmm.prm::

          PARAMETER FILE BEING READ FROM UNIT 90
 TITLE> ATOM
 RDTITL> No title read.
 PARMIO> NONBOND, HBOND lists and IMAGE atoms cleared.
 VCLOSE: Closing unit   90 with status "KEEP"
  
 CHARMM>     
  
 VCLOSE: Closing unit   99 with status "KEEP"

                    RETURNING TO INPUT STREAM     5
  
 CHARMM>     
  
 CHARMM>    ! read the psf and coordinate file
 CHARMM>    read psf card name @dir/@lig.psf
 Parameter: DIR -> "."
 Parameter: LIG -> "LIG7"
 VOPEN> Attempting to open::./lig7.psf::
 MAINIO> Protein structure file being read from unit  90.
 psf_read_formatted: Reading PSF in the expanded format.
 TITLE>  * RUN SEGMENT THROUGH CHARMM
 TITLE>  * LIGPARGEN PARAMETERS FOR LIGAND
 TITLE>  *  DATE:    12/23/24     21:10:21      CREATED BY USER: parveeng
 TITLE>  *
 PSFSUM> PSF modified: NONBOND lists and IMAGE atoms cleared.
 PSFSUM> Summary of the structure file counters :
         Number of segments      =        1   Number of residues   =        1
         Number of atoms         =       26   Number of groups     =        7
         Number of bonds         =       25   Number of angles     =       48
         Number of dihedrals     =       63   Number of impropers  =        0
         Number of cross-terms   =        0   Number of autogens   =        0
         Number of HB acceptors  =        0   Number of HB donors  =        0
         Number of NB exclusions =        0   Total charge =   -0.00000
 VCLOSE: Closing unit   90 with status "KEEP"
  
 CHARMM>    read coor card name @dir/@lig.crd
 Parameter: DIR -> "."
 Parameter: LIG -> "LIG7"
 VOPEN> Attempting to open::./lig7.crd::
          SPATIAL COORDINATES BEING READ FROM UNIT 90
 TITLE> * RUN SEGMENT THROUGH CHARMM
 TITLE> * LIGPARGEN PARAMETERS FOR LIGAND
 TITLE> *  DATE:    12/23/24     21:10:21      CREATED BY USER: PARVEENG
 TITLE> *
 VCLOSE: Closing unit   90 with status "KEEP"
  
 CHARMM>     
  
 CHARMM>    ! TIM: orient about origin so the alignment is correct with the
 CHARMM>    ! water crystal.
 CHARMM>    coordinate orient

 ORIENT THE COORDINATES TO ALIGN WITH AXIS

 MOMENTS
     39.71714468     -3.89487093    -13.61075777
                     33.07532263    -12.02322883
                                     94.72418304

 Transpose of the rotation matrix
     0.964545   -0.161921   -0.208409
    -0.087191    0.549831   -0.830713
     0.249099    0.819431    0.516219
 CENTER OF ATOMS BEFORE TRANSLATION    -0.00159     0.00044     0.04986
 AXIS OF ROTATION IS -0.962732  0.266921 -0.043599  ANGLE IS   58.98

 ALL COORDINATES ORIENTED IN THE MAIN SET BASED ON SELECTED ATOMS.

  
 CHARMM>     
  
 CHARMM>    ! Takes statistics on coordinates to figure out the minimum, maximum, and
 CHARMM>    ! average values of the X, Y, and Z coordinates. These are stored in
 CHARMM>    ! XMIN,XMAX,XAVE,YMIN,YMAX,YAVE,ZMIN,ZMAX,ZAVE.
 CHARMM>    coordinate statistics select all end
 SELRPN>     26 atoms have been selected out of     26
 STATISTICS FOR        26 SELECTED ATOMS:
    XMIN =   -3.295573 XMAX =    3.296997 XAVE =   -0.000000
    YMIN =   -2.150224 YMAX =    2.137055 YAVE =   -0.000000
    ZMIN =   -1.898809 ZMAX =    1.853349 ZAVE =    0.000000
    WMIN =    0.000000 WMAX =    0.000000 WAVE =    0.000000
  
 CHARMM>     
  
 CHARMM>    ! Read in water sequence
 CHARMM>    read sequence tips 46656
  
 CHARMM>     
  
 CHARMM>    ! Generate new segment for the water
 CHARMM>    generate bwat noangle nodihedral
 NO PATCHING WILL BE DONE ON THE FIRST RESIDUE
 NO PATCHING WILL BE DONE ON THE LAST  RESIDUE
 GENPSF> Segment   2 has been generated. Its identifier is BWAT.
 PSFSUM> PSF modified: NONBOND lists and IMAGE atoms cleared.
 PSFSUM> Summary of the structure file counters :
         Number of segments      =        2   Number of residues   =    46657
         Number of atoms         =   139994   Number of groups     =    46663
         Number of bonds         =   139993   Number of angles     =    46704
         Number of dihedrals     =       63   Number of impropers  =        0
         Number of cross-terms   =        0   Number of autogens   =        0
         Number of HB acceptors  =    46656   Number of HB donors  =        0
         Number of NB exclusions =        0   Total charge =   -0.00000
  
 CHARMM>     
  
 CHARMM>    ! Read the water PDB coordinates and append them to the protein
 CHARMM>    read coor card append name water.crd
 VOPEN> Attempting to open::water.crd::
          SPATIAL COORDINATES BEING READ FROM UNIT 90
 A RESIDUE OFFSET OF   1 WILL BE USED.
 INFO: A subset of total atoms will be read.

 TITLE> * WATER LAYER
 TITLE> *  DATE:     9/23/ 4     11:59:41      CREATED BY USER: KLAUDA
 TITLE> *
 VCLOSE: Closing unit   90 with status "KEEP"
  
 CHARMM>    coordinate orient noro select segid bwat end
 SELRPN> 139968 atoms have been selected out of 139994

 ORIENT THE COORDINATES TO ALIGN WITH AXIS

 CENTER OF ATOMS BEFORE TRANSLATION    -0.00000     0.00000    -0.00001
 SELECTED COORDINATES TRANSLATED IN THE MAIN SET.

  
 CHARMM>     
  
 CHARMM>    ! Delete waters which overlap with protein
 CHARMM>    delete atom sort -
 CHARMM>    select .byres. (segid bwat .AND. type oh2 .and. -
 CHARMM>    ((.not. (segid bwat .OR. hydrogen)) .around. 2.5)) end
 SELRPN>     27 atoms have been selected out of 139994

 Message from MAPIC: Atom numbers are changed.

 Message from MAPIC:          9 residues deleted.
 DELTIC:        27 bonds deleted
 DELTIC:         9 angles deleted
 DELTIC:         9 acceptors deleted
 PSFSUM> PSF modified: NONBOND lists and IMAGE atoms cleared.
 PSFSUM> Summary of the structure file counters :
         Number of segments      =        2   Number of residues   =    46648
         Number of atoms         =   139967   Number of groups     =    46654
         Number of bonds         =   139966   Number of angles     =    46695
         Number of dihedrals     =       63   Number of impropers  =        0
         Number of cross-terms   =        0   Number of autogens   =        0
         Number of HB acceptors  =    46647   Number of HB donors  =        0
         Number of NB exclusions =        0   Total charge =   -0.00000
  
 CHARMM>     
  
 CHARMM>    ! xdim, ydim, and zdim are variables that store the dimensions of the protein along the x, y, and z axis respectivley
 CHARMM>     
  
 CHARMM>    ! Because we want 10.0 distance from the edge,
 CHARMM>    ! the distance is multipled by two and then added to the diameter of the structure.
 CHARMM>    calc xdim = ( abs ( ?XMAX - ?XMIN ) + 20.0  )
 RDCMND substituted energy or value "?XMAX" to "3.29699668"
 RDCMND substituted energy or value "?XMIN" to "-3.29557294"
Evaluating: (ABS(3.29699668--3.29557294)+20.0)
 Parameter: XDIM <- "26.5925696"
  
 CHARMM>    calc ydim = ( abs ( ?YMAX - ?YMIN ) + 20.0  )
 RDCMND substituted energy or value "?YMAX" to "2.13705485"
 RDCMND substituted energy or value "?YMIN" to "-2.15022362"
Evaluating: (ABS(2.13705485--2.15022362)+20.0)
 Parameter: YDIM <- "24.2872785"
  
 CHARMM>    calc zdim = ( abs ( ?ZMAX - ?ZMIN ) + 20.0  )
 RDCMND substituted energy or value "?ZMAX" to "1.8533488"
 RDCMND substituted energy or value "?ZMIN" to "-1.89880939"
Evaluating: (ABS(1.8533488--1.89880939)+20.0)
 Parameter: ZDIM <- "23.7521582"
  
 CHARMM>     
  
 CHARMM>    ! coor orient guarantees that the X axis is the longest axis and the Y
 CHARMM>    ! axis is the second longest
 CHARMM>     
  
 CHARMM>    set greatervalue = @xdim
 Parameter: XDIM -> "26.5925696"
 Parameter: GREATERVALUE <- "26.5925696"
  
 CHARMM>    set secondvalue = @ydim
 Parameter: YDIM -> "24.2872785"
 Parameter: SECONDVALUE <- "24.2872785"
  
 CHARMM>     
  
 CHARMM>    set headstr = cubic with a crystal dimension of @greatervalue
 Parameter: GREATERVALUE -> "26.5925696"
 Parameter: HEADSTR <- "CUBIC WITH A CRYSTAL DIMENSION OF 26.5925696"
  
 CHARMM>     
  
 CHARMM>    ! OK, now we set a safe spherical diameter (based on the minimum sphere that will circumscribe a cube of this dimension), delete
 CHARMM>    ! all but the sphere of that radius, and then build the crystal structure.
 CHARMM>    calc gvsq = @greatervalue * @greatervalue
 Parameter: GREATERVALUE -> "26.5925696"
 Parameter: GREATERVALUE -> "26.5925696"
Evaluating: 26.5925696*26.5925696
 Parameter: GVSQ <- "707.164758"
  
 CHARMM>    calc safesphere = sqrt( 3 * @gvsq )
 Parameter: GVSQ -> "707.164758"
Evaluating: SQRT(3*707.164758)
 Parameter: SAFESPHERE <- "46.0596817"
  
 CHARMM>    calc safesphere = @safesphere/2
 Parameter: SAFESPHERE -> "46.0596817"
Evaluating: 46.0596817/2
 Parameter: SAFESPHERE <- "23.0298408"
  
 CHARMM>    delete atom sort select .byres. ( .not. ( point 0. 0. 0. cut @safesphere ) .and. ( segid bwat ) ) end
 Parameter: SAFESPHERE -> "23.0298408"
 SELRPN> 135288 atoms have been selected out of 139967

 Message from MAPIC: Atom numbers are changed.

 Message from MAPIC:      45096 residues deleted.
 DELTIC:    135288 bonds deleted
 DELTIC:     45096 angles deleted
 DELTIC:     45096 acceptors deleted
 PSFSUM> PSF modified: NONBOND lists and IMAGE atoms cleared.
 PSFSUM> Summary of the structure file counters :
         Number of segments      =        2   Number of residues   =     1552
         Number of atoms         =     4679   Number of groups     =     1558
         Number of bonds         =     4678   Number of angles     =     1599
         Number of dihedrals     =       63   Number of impropers  =        0
         Number of cross-terms   =        0   Number of autogens   =        0
         Number of HB acceptors  =     1551   Number of HB donors  =        0
         Number of NB exclusions =        0   Total charge =   -0.00000
  
 CHARMM>     
  
 CHARMM>    ! 90.0, 90.0, and 90.0 are the three angles needed to make a CUBIC crystal,
 CHARMM>    crystal define cubic @greatervalue @greatervalue @greatervalue 90.0 90.0 90.0
 Parameter: GREATERVALUE -> "26.5925696"
 Parameter: GREATERVALUE -> "26.5925696"
 Parameter: GREATERVALUE -> "26.5925696"
 Crystal Parameters : Crystal Type = CUBI
           A     =   26.59257 B    =   26.59257 C     =   26.59257
           Alpha =   90.00000 Beta =   90.00000 Gamma =   90.00000
  
 CHARMM>    crystal build noper 0
 XBUILD> Building all transformations with a minimum atom-atom
         contact distance of less than   26.59 Angstroms.

 Range of Grid Search for Transformation     1 :
 Lattice Vector A    -3 TO     3
 Lattice Vector B    -3 TO     3
 Lattice Vector C    -3 TO     3


 The number of transformations generated =    80


 Number  Symop   A   B   C   Distance

      1      1  -1  -1  -2    24.6858
      2      1  -1   0  -2    19.0333
      3      1  -1   1  -2    24.4195
      4      1   0  -1  -2    18.4225
      5      1   0   0  -2     9.7983
      6      1   0   1  -2    17.5845
      7      1  -2  -1  -1    24.9042
      8      1  -2   0  -1    18.0097
      9      1  -2   1  -1    24.1107
     10      1  -1  -2  -1    24.1214
     11      1  -1  -1  -1     2.4351
     12      1  -1   0  -1     2.0099
     13      1  -1   1  -1     6.2004
     14      1  -1   2  -1    24.9766
     15      1   0  -2  -1    18.9047
     16      1   0  -1  -1     0.6470
     17      1   0   0  -1     2.3177
     18      1   0   1  -1     3.9558
     19      1   0   2  -1    17.9938
     20      1  -2  -1   0    19.2034
     21      1  -2   0   0     9.2291
     22      1  -2   1   0    16.0477
     23      1  -1  -2   0    16.2084
     24      1  -1  -1   0     3.2989
     25      1  -1   0   0     1.2126
     26      1  -1   1   0     2.3670
     27      1  -1   2   0    16.7109
     28      1   0  -2   0     7.9682
     29      1   0  -1   0     2.8223
     30      1   0   1   0     2.8223
     31      1   0   2   0     7.9682
     32      1  -2  -1   1    26.1781
     33      1  -2   0   1    18.2582
     34      1  -2   1   1    24.8097
     35      1  -1  -2   1    23.1945
     36      1  -1  -1   1     3.3938
     37      1  -1   0   1     3.2154
     38      1  -1   1   1     2.4407
     39      1  -1   2   1    25.2499
     40      1   0  -2   1    17.9938
     41      1   0  -1   1     3.9558
     42      1   0   0   1     2.3177
     43      1   0   1   1     0.6470
     44      1   0   2   1    18.9047
     45      1  -1  -1   2    23.5029
     46      1  -1   0   2    19.1981
     47      1  -1   1   2    25.7954
     48      1   0  -1   2    17.5845
     49      1   0   0   2     9.7983
     50      1   0   1   2    18.4225
     51      1   1   1   2    24.6858
     52      1   1   0   2    19.0333
     53      1   1  -1   2    24.4195
     54      1   2   1   1    24.9042
     55      1   2   0   1    18.0097
     56      1   2  -1   1    24.1107
     57      1   1   2   1    24.1214
     58      1   1   1   1     2.4351
     59      1   1   0   1     2.0099
     60      1   1  -1   1     6.2004
     61      1   1  -2   1    24.9766
     62      1   2   1   0    19.2034
     63      1   2   0   0     9.2291
     64      1   2  -1   0    16.0477
     65      1   1   2   0    16.2084
     66      1   1   1   0     3.2989
     67      1   1   0   0     1.2126
     68      1   1  -1   0     2.3670
     69      1   1  -2   0    16.7109
     70      1   2   1  -1    26.1781
     71      1   2   0  -1    18.2582
     72      1   2  -1  -1    24.8097
     73      1   1   2  -1    23.1945
     74      1   1   1  -1     3.3938
     75      1   1   0  -1     3.2154
     76      1   1  -1  -1     2.4407
     77      1   1  -2  -1    25.2499
     78      1   1   1  -2    23.5029
     79      1   1   0  -2    19.1981
     80      1   1  -1  -2    25.7954
                     THERE ARE NO ROTATIONS FOR THIS TRANSFORMATION SET
    80 Transformations have been processed.

  
 CHARMM>    image byres sele segid bwat end
 SELRPN>   4653 atoms have been selected out of   4679
 IMAGE CENTERING ON FOR SOME ATOMS
  
 CHARMM>    coor copy comp
 SELECTED COORDINATES COPIED TO THE COMPARISON SET.

  
 CHARMM>     
  
 CHARMM>    ! set wrnlev down to reduce clutter...
 CHARMM>    wrnlev 1
  
 CHARMM>     
  
 CHARMM>    ! Update the image lists. If any atoms move during this process, it means that they are extraneous
 CHARMM>    ! to the crystal structure that we want to build and should be deleted. Therefore, coor diff is used to
 CHARMM>    ! detect moving atoms, which had selected for deletion.
 CHARMM>    update inbfrq 0

 SELECTED IMAGES ATOMS BEING CENTERED ABOUT  0.000000  0.000000  0.000000
 RESIDUE    2 OPERATED ON BY TRANSFORMATION Z0Z0P1R1
 RESIDUE    3 OPERATED ON BY TRANSFORMATION Z0Z0P1R1
 RESIDUE    4 OPERATED ON BY TRANSFORMATION Z0Z0P1R1
 RESIDUE    5 OPERATED ON BY TRANSFORMATION Z0Z0P1R1
 RESIDUE    6 OPERATED ON BY TRANSFORMATION Z0Z0P1R1
 RESIDUE    7 OPERATED ON BY TRANSFORMATION Z0Z0P1R1
 RESIDUE    8 OPERATED ON BY TRANSFORMATION Z0Z0P1R1
 RESIDUE    9 OPERATED ON BY TRANSFORMATION Z0Z0P1R1
 RESIDUE   10 OPERATED ON BY TRANSFORMATION Z0Z0P1R1
 RESIDUE   11 OPERATED ON BY TRANSFORMATION Z0Z0P1R1
 RESIDUE   12 OPERATED ON BY TRANSFORMATION Z0Z0P1R1
 RESIDUE   13 OPERATED ON BY TRANSFORMATION Z0Z0P1R1
 RESIDUE   14 OPERATED ON BY TRANSFORMATION Z0Z0P1R1
 RESIDUE   15 OPERATED ON BY TRANSFORMATION Z0Z0P1R1
 RESIDUE   16 OPERATED ON BY TRANSFORMATION Z0Z0P1R1
 RESIDUE   17 OPERATED ON BY TRANSFORMATION Z0Z0P1R1
 RESIDUE   18 OPERATED ON BY TRANSFORMATION Z0Z0P1R1
 RESIDUE   19 OPERATED ON BY TRANSFORMATION Z0Z0P1R1
 RESIDUE   20 OPERATED ON BY TRANSFORMATION Z0Z0P1R1
 RESIDUE   21 OPERATED ON BY TRANSFORMATION Z0Z0P1R1
 RESIDUE   22 OPERATED ON BY TRANSFORMATION Z0Z0P1R1
 RESIDUE   23 OPERATED ON BY TRANSFORMATION Z0Z0P1R1
 RESIDUE   24 OPERATED ON BY TRANSFORMATION Z0Z0P1R1
 RESIDUE   25 OPERATED ON BY TRANSFORMATION Z0Z0P1R1
 RESIDUE   26 OPERATED ON BY TRANSFORMATION Z0Z0P1R1
 RESIDUE   27 OPERATED ON BY TRANSFORMATION Z0Z0P1R1
 RESIDUE   28 OPERATED ON BY TRANSFORMATION Z0P1Z0R1
 RESIDUE   29 OPERATED ON BY TRANSFORMATION Z0P1Z0R1
 RESIDUE   30 OPERATED ON BY TRANSFORMATION Z0P1Z0R1
 RESIDUE   31 OPERATED ON BY TRANSFORMATION Z0P1Z0R1
 RESIDUE   32 OPERATED ON BY TRANSFORMATION Z0P1Z0R1
 RESIDUE   33 OPERATED ON BY TRANSFORMATION Z0P1Z0R1
 RESIDUE   34 OPERATED ON BY TRANSFORMATION Z0P1Z0R1
 RESIDUE   35 OPERATED ON BY TRANSFORMATION Z0P1Z0R1
 RESIDUE   36 OPERATED ON BY TRANSFORMATION Z0P1Z0R1
 RESIDUE   37 OPERATED ON BY TRANSFORMATION Z0P1Z0R1
 RESIDUE   38 OPERATED ON BY TRANSFORMATION Z0P1Z0R1
 RESIDUE   39 OPERATED ON BY TRANSFORMATION Z0P1Z0R1
 RESIDUE   40 OPERATED ON BY TRANSFORMATION Z0P1Z0R1
 RESIDUE   41 OPERATED ON BY TRANSFORMATION Z0P1Z0R1
 RESIDUE   42 OPERATED ON BY TRANSFORMATION Z0P1Z0R1
 RESIDUE   43 OPERATED ON BY TRANSFORMATION Z0P1Z0R1
 RESIDUE   44 OPERATED ON BY TRANSFORMATION Z0P1Z0R1
 RESIDUE   45 OPERATED ON BY TRANSFORMATION P1Z0Z0R1
 RESIDUE   46 OPERATED ON BY TRANSFORMATION P1Z0Z0R1
 RESIDUE   47 OPERATED ON BY TRANSFORMATION P1Z0Z0R1
 RESIDUE   48 OPERATED ON BY TRANSFORMATION P1Z0Z0R1
 RESIDUE   49 OPERATED ON BY TRANSFORMATION P1Z0Z0R1
 RESIDUE   50 OPERATED ON BY TRANSFORMATION P1Z0Z0R1
 RESIDUE   51 OPERATED ON BY TRANSFORMATION P1Z0Z0R1
 RESIDUE   54 OPERATED ON BY TRANSFORMATION P1Z0Z0R1
 RESIDUE   56 OPERATED ON BY TRANSFORMATION P1Z0Z0R1
 RESIDUE   57 OPERATED ON BY TRANSFORMATION P1Z0Z0R1
 RESIDUE   60 OPERATED ON BY TRANSFORMATION Z0P1Z0R1
 RESIDUE   62 OPERATED ON BY TRANSFORMATION Z0P1Z0R1
 RESIDUE   64 OPERATED ON BY TRANSFORMATION Z0P1Z0R1
 RESIDUE   65 OPERATED ON BY TRANSFORMATION P1P1Z0R1
 RESIDUE   66 OPERATED ON BY TRANSFORMATION Z0Z0P1R1
 RESIDUE   68 OPERATED ON BY TRANSFORMATION Z0P1Z0R1
 RESIDUE   69 OPERATED ON BY TRANSFORMATION P1P1Z0R1
 RESIDUE   70 OPERATED ON BY TRANSFORMATION P1Z0Z0R1
 RESIDUE   72 OPERATED ON BY TRANSFORMATION Z0P1Z0R1
 RESIDUE   76 OPERATED ON BY TRANSFORMATION Z0Z0P1R1
 RESIDUE   78 OPERATED ON BY TRANSFORMATION Z0Z0P1R1
 RESIDUE   85 OPERATED ON BY TRANSFORMATION Z0Z0P1R1
 RESIDUE   86 OPERATED ON BY TRANSFORMATION P1Z0Z0R1
 RESIDUE   88 OPERATED ON BY TRANSFORMATION P1Z0Z0R1
 RESIDUE   89 OPERATED ON BY TRANSFORMATION Z0Z0P1R1
 RESIDUE   90 OPERATED ON BY TRANSFORMATION P1Z0Z0R1
 RESIDUE   91 OPERATED ON BY TRANSFORMATION P1Z0Z0R1
 RESIDUE   94 OPERATED ON BY TRANSFORMATION Z0Z0P1R1
 RESIDUE   95 OPERATED ON BY TRANSFORMATION P1Z0Z0R1
 RESIDUE   96 OPERATED ON BY TRANSFORMATION Z0Z0P1R1
 RESIDUE   97 OPERATED ON BY TRANSFORMATION Z0Z0P1R1
 RESIDUE   99 OPERATED ON BY TRANSFORMATION P1Z0Z0R1
 RESIDUE  100 OPERATED ON BY TRANSFORMATION Z0P1Z0R1
 RESIDUE  101 OPERATED ON BY TRANSFORMATION Z0P1Z0R1
 RESIDUE  102 OPERATED ON BY TRANSFORMATION Z0Z0P1R1
 RESIDUE  103 OPERATED ON BY TRANSFORMATION P1Z0Z0R1
 RESIDUE  104 OPERATED ON BY TRANSFORMATION P1Z0Z0R1
 RESIDUE  105 OPERATED ON BY TRANSFORMATION Z0Z0P1R1
 RESIDUE  108 OPERATED ON BY TRANSFORMATION P1Z0Z0R1
 RESIDUE  110 OPERATED ON BY TRANSFORMATION Z0P1Z0R1
 RESIDUE  111 OPERATED ON BY TRANSFORMATION Z0P1Z0R1
 RESIDUE  112 OPERATED ON BY TRANSFORMATION P1Z0Z0R1
 RESIDUE  114 OPERATED ON BY TRANSFORMATION Z0P1Z0R1
 RESIDUE  115 OPERATED ON BY TRANSFORMATION Z0Z0P1R1
 RESIDUE  118 OPERATED ON BY TRANSFORMATION Z0Z0P1R1
 RESIDUE  119 OPERATED ON BY TRANSFORMATION P1Z0Z0R1
 RESIDUE  120 OPERATED ON BY TRANSFORMATION Z0Z0P1R1
 RESIDUE  121 OPERATED ON BY TRANSFORMATION P1Z0Z0R1
 RESIDUE  124 OPERATED ON BY TRANSFORMATION Z0Z0P1R1
 RESIDUE  126 OPERATED ON BY TRANSFORMATION Z0Z0P1R1
 RESIDUE  133 OPERATED ON BY TRANSFORMATION Z0Z0P1R1
 RESIDUE  135 OPERATED ON BY TRANSFORMATION Z0Z0P1R1
 RESIDUE  136 OPERATED ON BY TRANSFORMATION Z0Z0P1R1
 RESIDUE  137 OPERATED ON BY TRANSFORMATION P1Z0Z0R1
 RESIDUE  138 OPERATED ON BY TRANSFORMATION Z0Z0P1R1
 RESIDUE  139 OPERATED ON BY TRANSFORMATION Z0Z0P1R1
 RESIDUE  140 OPERATED ON BY TRANSFORMATION Z0P1Z0R1
 RESIDUE  141 OPERATED ON BY TRANSFORMATION Z0P1P1R1
 RESIDUE  142 OPERATED ON BY TRANSFORMATION Z0Z0P1R1
 RESIDUE  143 OPERATED ON BY TRANSFORMATION Z0P1Z0R1
 RESIDUE  145 OPERATED ON BY TRANSFORMATION Z0P1Z0R1
 RESIDUE  146 OPERATED ON BY TRANSFORMATION Z0Z0P1R1
 RESIDUE  147 OPERATED ON BY TRANSFORMATION Z0P1Z0R1
 RESIDUE  150 OPERATED ON BY TRANSFORMATION P1Z0P1R1
 RESIDUE  151 OPERATED ON BY TRANSFORMATION P1Z0Z0R1
 RESIDUE  153 OPERATED ON BY TRANSFORMATION Z0Z0P1R1
 RESIDUE  155 OPERATED ON BY TRANSFORMATION Z0Z0P1R1
 RESIDUE  156 OPERATED ON BY TRANSFORMATION P1Z0Z0R1
 RESIDUE  158 OPERATED ON BY TRANSFORMATION Z0Z0P1R1
 RESIDUE  160 OPERATED ON BY TRANSFORMATION P1Z0Z0R1
 RESIDUE  161 OPERATED ON BY TRANSFORMATION Z0Z0P1R1
 RESIDUE  164 OPERATED ON BY TRANSFORMATION Z0Z0P1R1
 RESIDUE  165 OPERATED ON BY TRANSFORMATION Z0P1Z0R1
 RESIDUE  166 OPERATED ON BY TRANSFORMATION Z0P1Z0R1
 RESIDUE  170 OPERATED ON BY TRANSFORMATION P1Z0Z0R1
 RESIDUE  171 OPERATED ON BY TRANSFORMATION Z0P1Z0R1
 RESIDUE  172 OPERATED ON BY TRANSFORMATION Z0P1Z0R1
 RESIDUE  173 OPERATED ON BY TRANSFORMATION Z0P1Z0R1
 RESIDUE  174 OPERATED ON BY TRANSFORMATION Z0P1Z0R1
 RESIDUE  175 OPERATED ON BY TRANSFORMATION P1P1Z0R1
 RESIDUE  176 OPERATED ON BY TRANSFORMATION Z0P1Z0R1
 RESIDUE  177 OPERATED ON BY TRANSFORMATION Z0P1Z0R1
 RESIDUE  178 OPERATED ON BY TRANSFORMATION Z0Z0P1R1
 RESIDUE  179 OPERATED ON BY TRANSFORMATION P1Z0Z0R1
 RESIDUE  183 OPERATED ON BY TRANSFORMATION Z0Z0P1R1
 RESIDUE  187 OPERATED ON BY TRANSFORMATION Z0Z0P1R1
 RESIDUE  188 OPERATED ON BY TRANSFORMATION Z0Z0P1R1
 RESIDUE  190 OPERATED ON BY TRANSFORMATION P1Z0Z0R1
 RESIDUE  193 OPERATED ON BY TRANSFORMATION Z0P1P1R1
 RESIDUE  196 OPERATED ON BY TRANSFORMATION Z0P1Z0R1
 RESIDUE  197 OPERATED ON BY TRANSFORMATION Z0P1P1R1
 RESIDUE  198 OPERATED ON BY TRANSFORMATION Z0P1Z0R1
 RESIDUE  200 OPERATED ON BY TRANSFORMATION P1Z0Z0R1
 RESIDUE  204 OPERATED ON BY TRANSFORMATION Z0P1Z0R1
 RESIDUE  205 OPERATED ON BY TRANSFORMATION P1Z0Z0R1
 RESIDUE  206 OPERATED ON BY TRANSFORMATION P1Z0Z0R1
 RESIDUE  210 OPERATED ON BY TRANSFORMATION P1Z0Z0R1
 RESIDUE  211 OPERATED ON BY TRANSFORMATION P1Z0Z0R1
 RESIDUE  213 OPERATED ON BY TRANSFORMATION Z0P1Z0R1
 RESIDUE  214 OPERATED ON BY TRANSFORMATION Z0P1Z0R1
 RESIDUE  215 OPERATED ON BY TRANSFORMATION Z0P1Z0R1
 RESIDUE  216 OPERATED ON BY TRANSFORMATION Z0P1Z0R1
 RESIDUE  217 OPERATED ON BY TRANSFORMATION Z0Z0P1R1
 RESIDUE  218 OPERATED ON BY TRANSFORMATION Z0Z0P1R1
 RESIDUE  219 OPERATED ON BY TRANSFORMATION Z0P1Z0R1
 RESIDUE  223 OPERATED ON BY TRANSFORMATION N1Z0Z0R1
 RESIDUE  225 OPERATED ON BY TRANSFORMATION Z0Z0P1R1
 RESIDUE  230 OPERATED ON BY TRANSFORMATION Z0P1Z0R1
 RESIDUE  233 OPERATED ON BY TRANSFORMATION Z0P1Z0R1
 RESIDUE  234 OPERATED ON BY TRANSFORMATION Z0Z0P1R1
 RESIDUE  236 OPERATED ON BY TRANSFORMATION Z0P1Z0R1
 RESIDUE  238 OPERATED ON BY TRANSFORMATION Z0Z0P1R1
 RESIDUE  239 OPERATED ON BY TRANSFORMATION N1Z0Z0R1
 RESIDUE  240 OPERATED ON BY TRANSFORMATION Z0P1Z0R1
 RESIDUE  241 OPERATED ON BY TRANSFORMATION N1Z0Z0R1
 RESIDUE  242 OPERATED ON BY TRANSFORMATION N1Z0Z0R1
 RESIDUE  243 OPERATED ON BY TRANSFORMATION N1Z0Z0R1
 RESIDUE  244 OPERATED ON BY TRANSFORMATION Z0Z0P1R1
 RESIDUE  245 OPERATED ON BY TRANSFORMATION N1Z0Z0R1
 RESIDUE  246 OPERATED ON BY TRANSFORMATION N1Z0P1R1
 RESIDUE  247 OPERATED ON BY TRANSFORMATION N1Z0Z0R1
 RESIDUE  256 OPERATED ON BY TRANSFORMATION Z0Z0P1R1
 RESIDUE  259 OPERATED ON BY TRANSFORMATION N1Z0Z0R1
 RESIDUE  261 OPERATED ON BY TRANSFORMATION Z0Z0P1R1
 RESIDUE  263 OPERATED ON BY TRANSFORMATION Z0Z0P1R1
 RESIDUE  264 OPERATED ON BY TRANSFORMATION Z0Z0P1R1
 RESIDUE  265 OPERATED ON BY TRANSFORMATION N1Z0Z0R1
 RESIDUE  267 OPERATED ON BY TRANSFORMATION Z0P1Z0R1
 RESIDUE  268 OPERATED ON BY TRANSFORMATION Z0P1Z0R1
 RESIDUE  269 OPERATED ON BY TRANSFORMATION Z0P1Z0R1
 RESIDUE  272 OPERATED ON BY TRANSFORMATION Z0Z0P1R1
 RESIDUE  276 OPERATED ON BY TRANSFORMATION Z0P1Z0R1
 RESIDUE  277 OPERATED ON BY TRANSFORMATION Z0P1P1R1
 RESIDUE  279 OPERATED ON BY TRANSFORMATION Z0P1Z0R1
 RESIDUE  280 OPERATED ON BY TRANSFORMATION Z0P1Z0R1
 RESIDUE  281 OPERATED ON BY TRANSFORMATION Z0Z0P1R1
 RESIDUE  282 OPERATED ON BY TRANSFORMATION Z0P1Z0R1
 RESIDUE  283 OPERATED ON BY TRANSFORMATION Z0Z0P1R1
 RESIDUE  284 OPERATED ON BY TRANSFORMATION N1Z0Z0R1
 RESIDUE  287 OPERATED ON BY TRANSFORMATION Z0P1Z0R1
 RESIDUE  288 OPERATED ON BY TRANSFORMATION Z0P1Z0R1
 RESIDUE  289 OPERATED ON BY TRANSFORMATION Z0Z0P1R1
 RESIDUE  290 OPERATED ON BY TRANSFORMATION N1Z0Z0R1
 RESIDUE  293 OPERATED ON BY TRANSFORMATION Z0Z0P1R1
 RESIDUE  297 OPERATED ON BY TRANSFORMATION N1Z0Z0R1
 RESIDUE  298 OPERATED ON BY TRANSFORMATION N1Z0Z0R1
 RESIDUE  300 OPERATED ON BY TRANSFORMATION Z0Z0P1R1
 RESIDUE  305 OPERATED ON BY TRANSFORMATION N1Z0P1R1
 RESIDUE  306 OPERATED ON BY TRANSFORMATION N1Z0Z0R1
 RESIDUE  307 OPERATED ON BY TRANSFORMATION Z0P1Z0R1
 RESIDUE  308 OPERATED ON BY TRANSFORMATION N1Z0P1R1
 RESIDUE  310 OPERATED ON BY TRANSFORMATION Z0Z0P1R1
 RESIDUE  311 OPERATED ON BY TRANSFORMATION Z0Z0P1R1
 RESIDUE  312 OPERATED ON BY TRANSFORMATION Z0Z0P1R1
 RESIDUE  313 OPERATED ON BY TRANSFORMATION Z0P1Z0R1
 RESIDUE  314 OPERATED ON BY TRANSFORMATION Z0Z0P1R1
 RESIDUE  315 OPERATED ON BY TRANSFORMATION Z0P1Z0R1
 RESIDUE  317 OPERATED ON BY TRANSFORMATION Z0Z0P1R1
 RESIDUE  318 OPERATED ON BY TRANSFORMATION N1P1Z0R1
 RESIDUE  319 OPERATED ON BY TRANSFORMATION N1Z0Z0R1
 RESIDUE  320 OPERATED ON BY TRANSFORMATION Z0Z0P1R1
 RESIDUE  321 OPERATED ON BY TRANSFORMATION Z0Z0P1R1
 RESIDUE  322 OPERATED ON BY TRANSFORMATION N1Z0Z0R1
 RESIDUE  323 OPERATED ON BY TRANSFORMATION Z0P1Z0R1
 RESIDUE  324 OPERATED ON BY TRANSFORMATION Z0Z0P1R1
 RESIDUE  326 OPERATED ON BY TRANSFORMATION Z0Z0P1R1
 RESIDUE  329 OPERATED ON BY TRANSFORMATION Z0Z0P1R1
 RESIDUE  331 OPERATED ON BY TRANSFORMATION Z0Z0P1R1
 RESIDUE  332 OPERATED ON BY TRANSFORMATION N1Z0Z0R1
 RESIDUE  334 OPERATED ON BY TRANSFORMATION Z0Z0P1R1
 RESIDUE  337 OPERATED ON BY TRANSFORMATION Z0P1Z0R1
 RESIDUE  338 OPERATED ON BY TRANSFORMATION Z0P1Z0R1
 RESIDUE  341 OPERATED ON BY TRANSFORMATION N1Z0Z0R1
 RESIDUE  343 OPERATED ON BY TRANSFORMATION Z0P1Z0R1
 RESIDUE  344 OPERATED ON BY TRANSFORMATION Z0P1Z0R1
 RESIDUE  345 OPERATED ON BY TRANSFORMATION Z0P1Z0R1
 RESIDUE  346 OPERATED ON BY TRANSFORMATION Z0P1Z0R1
 RESIDUE  347 OPERATED ON BY TRANSFORMATION Z0P1Z0R1
 RESIDUE  348 OPERATED ON BY TRANSFORMATION Z0P1Z0R1
 RESIDUE  349 OPERATED ON BY TRANSFORMATION Z0P1Z0R1
 RESIDUE  350 OPERATED ON BY TRANSFORMATION Z0Z0P1R1
 RESIDUE  351 OPERATED ON BY TRANSFORMATION Z0Z0P1R1
 RESIDUE  354 OPERATED ON BY TRANSFORMATION N1Z0Z0R1
 RESIDUE  355 OPERATED ON BY TRANSFORMATION N1Z0Z0R1
 RESIDUE  356 OPERATED ON BY TRANSFORMATION N1Z0Z0R1
 RESIDUE  357 OPERATED ON BY TRANSFORMATION N1Z0Z0R1
 RESIDUE  358 OPERATED ON BY TRANSFORMATION N1Z0Z0R1
 RESIDUE  360 OPERATED ON BY TRANSFORMATION N1Z0Z0R1
 RESIDUE  361 OPERATED ON BY TRANSFORMATION N1Z0Z0R1
 RESIDUE  362 OPERATED ON BY TRANSFORMATION N1Z0Z0R1
 RESIDUE  363 OPERATED ON BY TRANSFORMATION N1Z0Z0R1
 RESIDUE  364 OPERATED ON BY TRANSFORMATION Z0P1Z0R1
 RESIDUE  365 OPERATED ON BY TRANSFORMATION Z0P1Z0R1
 RESIDUE  367 OPERATED ON BY TRANSFORMATION Z0P1P1R1
 RESIDUE  368 OPERATED ON BY TRANSFORMATION N1Z0Z0R1
 RESIDUE  369 OPERATED ON BY TRANSFORMATION Z0P1Z0R1
 RESIDUE  378 OPERATED ON BY TRANSFORMATION N1Z0Z0R1
 RESIDUE  382 OPERATED ON BY TRANSFORMATION Z0P1Z0R1
 RESIDUE  383 OPERATED ON BY TRANSFORMATION Z0P1Z0R1
 RESIDUE  384 OPERATED ON BY TRANSFORMATION Z0P1Z0R1
 RESIDUE  385 OPERATED ON BY TRANSFORMATION Z0Z0P1R1
 RESIDUE  386 OPERATED ON BY TRANSFORMATION Z0Z0P1R1
 RESIDUE  387 OPERATED ON BY TRANSFORMATION N1Z0P1R1
 RESIDUE  388 OPERATED ON BY TRANSFORMATION Z0P1Z0R1
 RESIDUE  389 OPERATED ON BY TRANSFORMATION Z0P1Z0R1
 RESIDUE  390 OPERATED ON BY TRANSFORMATION Z0Z0P1R1
 RESIDUE  391 OPERATED ON BY TRANSFORMATION N1Z0Z0R1
 RESIDUE  392 OPERATED ON BY TRANSFORMATION N1Z0Z0R1
 RESIDUE  393 OPERATED ON BY TRANSFORMATION N1Z0Z0R1
 RESIDUE  394 OPERATED ON BY TRANSFORMATION N1Z0Z0R1
 RESIDUE  395 OPERATED ON BY TRANSFORMATION N1Z0Z0R1
 RESIDUE  396 OPERATED ON BY TRANSFORMATION N1Z0Z0R1
 RESIDUE  397 OPERATED ON BY TRANSFORMATION N1Z0Z0R1
 RESIDUE  398 OPERATED ON BY TRANSFORMATION N1Z0Z0R1
 RESIDUE  399 OPERATED ON BY TRANSFORMATION N1Z0Z0R1
 RESIDUE  400 OPERATED ON BY TRANSFORMATION N1Z0Z0R1
 RESIDUE  401 OPERATED ON BY TRANSFORMATION N1Z0Z0R1
 RESIDUE  402 OPERATED ON BY TRANSFORMATION P1Z0Z0R1
 RESIDUE  403 OPERATED ON BY TRANSFORMATION P1Z0Z0R1
 RESIDUE  404 OPERATED ON BY TRANSFORMATION P1Z0Z0R1
 RESIDUE  405 OPERATED ON BY TRANSFORMATION P1Z0Z0R1
 RESIDUE  406 OPERATED ON BY TRANSFORMATION P1Z0Z0R1
 RESIDUE  407 OPERATED ON BY TRANSFORMATION P1Z0Z0R1
 RESIDUE  410 OPERATED ON BY TRANSFORMATION P1Z0Z0R1
 RESIDUE  412 OPERATED ON BY TRANSFORMATION P1Z0Z0R1
 RESIDUE  413 OPERATED ON BY TRANSFORMATION P1Z0Z0R1
 RESIDUE  414 OPERATED ON BY TRANSFORMATION Z0N1Z0R1
 RESIDUE  418 OPERATED ON BY TRANSFORMATION P1Z0Z0R1
 RESIDUE  420 OPERATED ON BY TRANSFORMATION P1Z0Z0R1
 RESIDUE  423 OPERATED ON BY TRANSFORMATION P1Z0Z0R1
 RESIDUE  424 OPERATED ON BY TRANSFORMATION Z0Z0P1R1
 RESIDUE  427 OPERATED ON BY TRANSFORMATION P1Z0Z0R1
 RESIDUE  428 OPERATED ON BY TRANSFORMATION P1Z0Z0R1
 RESIDUE  429 OPERATED ON BY TRANSFORMATION Z0N1Z0R1
 RESIDUE  432 OPERATED ON BY TRANSFORMATION Z0N1Z0R1
 RESIDUE  433 OPERATED ON BY TRANSFORMATION Z0N1Z0R1
 RESIDUE  435 OPERATED ON BY TRANSFORMATION Z0Z0P1R1
 RESIDUE  436 OPERATED ON BY TRANSFORMATION Z0Z0P1R1
 RESIDUE  438 OPERATED ON BY TRANSFORMATION Z0Z0P1R1
 RESIDUE  441 OPERATED ON BY TRANSFORMATION Z0N1Z0R1
 RESIDUE  443 OPERATED ON BY TRANSFORMATION Z0N1Z0R1
 RESIDUE  444 OPERATED ON BY TRANSFORMATION Z0N1Z0R1
 RESIDUE  445 OPERATED ON BY TRANSFORMATION Z0Z0P1R1
 RESIDUE  446 OPERATED ON BY TRANSFORMATION P1Z0Z0R1
 RESIDUE  447 OPERATED ON BY TRANSFORMATION Z0N1Z0R1
 RESIDUE  448 OPERATED ON BY TRANSFORMATION P1N1Z0R1
 RESIDUE  449 OPERATED ON BY TRANSFORMATION Z0Z0P1R1
 RESIDUE  450 OPERATED ON BY TRANSFORMATION P1Z0P1R1
 RESIDUE  451 OPERATED ON BY TRANSFORMATION P1Z0Z0R1
 RESIDUE  452 OPERATED ON BY TRANSFORMATION Z0N1Z0R1
 RESIDUE  453 OPERATED ON BY TRANSFORMATION Z0N1Z0R1
 RESIDUE  455 OPERATED ON BY TRANSFORMATION P1Z0Z0R1
 RESIDUE  456 OPERATED ON BY TRANSFORMATION P1Z0Z0R1
 RESIDUE  459 OPERATED ON BY TRANSFORMATION Z0Z0P1R1
 RESIDUE  460 OPERATED ON BY TRANSFORMATION Z0Z0P1R1
 RESIDUE  461 OPERATED ON BY TRANSFORMATION P1Z0Z0R1
 RESIDUE  462 OPERATED ON BY TRANSFORMATION P1Z0Z0R1
 RESIDUE  463 OPERATED ON BY TRANSFORMATION Z0Z0P1R1
 RESIDUE  466 OPERATED ON BY TRANSFORMATION P1Z0Z0R1
 RESIDUE  467 OPERATED ON BY TRANSFORMATION P1Z0Z0R1
 RESIDUE  470 OPERATED ON BY TRANSFORMATION P1Z0Z0R1
 RESIDUE  471 OPERATED ON BY TRANSFORMATION Z0Z0P1R1
 RESIDUE  473 OPERATED ON BY TRANSFORMATION Z0N1Z0R1
 RESIDUE  474 OPERATED ON BY TRANSFORMATION P1Z0Z0R1
 RESIDUE  476 OPERATED ON BY TRANSFORMATION P1Z0Z0R1
 RESIDUE  478 OPERATED ON BY TRANSFORMATION Z0Z0P1R1
 RESIDUE  480 OPERATED ON BY TRANSFORMATION Z0Z0P1R1
 RESIDUE  482 OPERATED ON BY TRANSFORMATION Z0Z0P1R1
 RESIDUE  483 OPERATED ON BY TRANSFORMATION P1Z0Z0R1
 RESIDUE  484 OPERATED ON BY TRANSFORMATION Z0Z0P1R1
 RESIDUE  485 OPERATED ON BY TRANSFORMATION P1Z0Z0R1
 RESIDUE  487 OPERATED ON BY TRANSFORMATION Z0N1Z0R1
 RESIDUE  488 OPERATED ON BY TRANSFORMATION Z0Z0P1R1
 RESIDUE  490 OPERATED ON BY TRANSFORMATION Z0N1P1R1
 RESIDUE  493 OPERATED ON BY TRANSFORMATION Z0N1Z0R1
 RESIDUE  495 OPERATED ON BY TRANSFORMATION Z0Z0P1R1
 RESIDUE  496 OPERATED ON BY TRANSFORMATION Z0N1Z0R1
 RESIDUE  497 OPERATED ON BY TRANSFORMATION P1Z0Z0R1
 RESIDUE  498 OPERATED ON BY TRANSFORMATION Z0Z0P1R1
 RESIDUE  500 OPERATED ON BY TRANSFORMATION Z0Z0P1R1
 RESIDUE  504 OPERATED ON BY TRANSFORMATION Z0Z0P1R1
 RESIDUE  507 OPERATED ON BY TRANSFORMATION Z0N1Z0R1
 RESIDUE  508 OPERATED ON BY TRANSFORMATION P1Z0Z0R1
 RESIDUE  509 OPERATED ON BY TRANSFORMATION Z0N1Z0R1
 RESIDUE  510 OPERATED ON BY TRANSFORMATION Z0N1Z0R1
 RESIDUE  511 OPERATED ON BY TRANSFORMATION P1Z0Z0R1
 RESIDUE  514 OPERATED ON BY TRANSFORMATION P1Z0Z0R1
 RESIDUE  515 OPERATED ON BY TRANSFORMATION Z0Z0P1R1
 RESIDUE  518 OPERATED ON BY TRANSFORMATION Z0Z0P1R1
 RESIDUE  524 OPERATED ON BY TRANSFORMATION P1Z0Z0R1
 RESIDUE  529 OPERATED ON BY TRANSFORMATION P1Z0Z0R1
 RESIDUE  532 OPERATED ON BY TRANSFORMATION Z0N1Z0R1
 RESIDUE  533 OPERATED ON BY TRANSFORMATION Z0N1Z0R1
 RESIDUE  535 OPERATED ON BY TRANSFORMATION Z0Z0P1R1
 RESIDUE  538 OPERATED ON BY TRANSFORMATION Z0N1Z0R1
 RESIDUE  539 OPERATED ON BY TRANSFORMATION Z0Z0P1R1
 RESIDUE  540 OPERATED ON BY TRANSFORMATION Z0Z0P1R1
 RESIDUE  542 OPERATED ON BY TRANSFORMATION P1Z0Z0R1
 RESIDUE  545 OPERATED ON BY TRANSFORMATION Z0Z0P1R1
 RESIDUE  546 OPERATED ON BY TRANSFORMATION Z0Z0P1R1
 RESIDUE  549 OPERATED ON BY TRANSFORMATION P1Z0Z0R1
 RESIDUE  550 OPERATED ON BY TRANSFORMATION Z0Z0P1R1
 RESIDUE  551 OPERATED ON BY TRANSFORMATION P1Z0Z0R1
 RESIDUE  552 OPERATED ON BY TRANSFORMATION P1Z0Z0R1
 RESIDUE  553 OPERATED ON BY TRANSFORMATION Z0Z0P1R1
 RESIDUE  554 OPERATED ON BY TRANSFORMATION Z0N1Z0R1
 RESIDUE  555 OPERATED ON BY TRANSFORMATION P1Z0Z0R1
 RESIDUE  556 OPERATED ON BY TRANSFORMATION P1N1Z0R1
 RESIDUE  557 OPERATED ON BY TRANSFORMATION Z0N1Z0R1
 RESIDUE  558 OPERATED ON BY TRANSFORMATION Z0N1Z0R1
 RESIDUE  559 OPERATED ON BY TRANSFORMATION Z0N1Z0R1
 RESIDUE  561 OPERATED ON BY TRANSFORMATION Z0N1Z0R1
 RESIDUE  562 OPERATED ON BY TRANSFORMATION Z0N1Z0R1
 RESIDUE  563 OPERATED ON BY TRANSFORMATION Z0N1Z0R1
 RESIDUE  564 OPERATED ON BY TRANSFORMATION Z0N1Z0R1
 RESIDUE  568 OPERATED ON BY TRANSFORMATION P1Z0Z0R1
 RESIDUE  571 OPERATED ON BY TRANSFORMATION Z0Z0P1R1
 RESIDUE  572 OPERATED ON BY TRANSFORMATION Z0Z0P1R1
 RESIDUE  573 OPERATED ON BY TRANSFORMATION P1Z0Z0R1
 RESIDUE  574 OPERATED ON BY TRANSFORMATION P1Z0Z0R1
 RESIDUE  576 OPERATED ON BY TRANSFORMATION Z0N1Z0R1
 RESIDUE  580 OPERATED ON BY TRANSFORMATION N1Z0Z0R1
 RESIDUE  582 OPERATED ON BY TRANSFORMATION Z0Z0P1R1
 RESIDUE  585 OPERATED ON BY TRANSFORMATION N1Z0Z0R1
 RESIDUE  588 OPERATED ON BY TRANSFORMATION N1Z0Z0R1
 RESIDUE  591 OPERATED ON BY TRANSFORMATION N1Z0Z0R1
 RESIDUE  593 OPERATED ON BY TRANSFORMATION Z0Z0P1R1
 RESIDUE  595 OPERATED ON BY TRANSFORMATION N1Z0Z0R1
 RESIDUE  598 OPERATED ON BY TRANSFORMATION Z0Z0P1R1
 RESIDUE  599 OPERATED ON BY TRANSFORMATION N1N1Z0R1
 RESIDUE  600 OPERATED ON BY TRANSFORMATION N1Z0Z0R1
 RESIDUE  602 OPERATED ON BY TRANSFORMATION N1Z0Z0R1
 RESIDUE  603 OPERATED ON BY TRANSFORMATION Z0Z0P1R1
 RESIDUE  604 OPERATED ON BY TRANSFORMATION Z0Z0P1R1
 RESIDUE  605 OPERATED ON BY TRANSFORMATION N1Z0Z0R1
 RESIDUE  606 OPERATED ON BY TRANSFORMATION N1Z0P1R1
 RESIDUE  607 OPERATED ON BY TRANSFORMATION N1Z0Z0R1
 RESIDUE  609 OPERATED ON BY TRANSFORMATION Z0N1Z0R1
 RESIDUE  611 OPERATED ON BY TRANSFORMATION Z0N1Z0R1
 RESIDUE  612 OPERATED ON BY TRANSFORMATION Z0N1Z0R1
 RESIDUE  614 OPERATED ON BY TRANSFORMATION Z0N1Z0R1
 RESIDUE  615 OPERATED ON BY TRANSFORMATION Z0N1Z0R1
 RESIDUE  616 OPERATED ON BY TRANSFORMATION Z0Z0P1R1
 RESIDUE  618 OPERATED ON BY TRANSFORMATION Z0N1Z0R1
 RESIDUE  619 OPERATED ON BY TRANSFORMATION Z0N1Z0R1
 RESIDUE  620 OPERATED ON BY TRANSFORMATION Z0N1Z0R1
 RESIDUE  621 OPERATED ON BY TRANSFORMATION N1Z0Z0R1
 RESIDUE  626 OPERATED ON BY TRANSFORMATION Z0Z0P1R1
 RESIDUE  629 OPERATED ON BY TRANSFORMATION Z0Z0P1R1
 RESIDUE  633 OPERATED ON BY TRANSFORMATION Z0Z0P1R1
 RESIDUE  635 OPERATED ON BY TRANSFORMATION Z0Z0P1R1
 RESIDUE  639 OPERATED ON BY TRANSFORMATION Z0Z0P1R1
 RESIDUE  641 OPERATED ON BY TRANSFORMATION Z0Z0P1R1
 RESIDUE  646 OPERATED ON BY TRANSFORMATION Z0Z0P1R1
 RESIDUE  647 OPERATED ON BY TRANSFORMATION N1Z0Z0R1
 RESIDUE  648 OPERATED ON BY TRANSFORMATION Z0Z0P1R1
 RESIDUE  650 OPERATED ON BY TRANSFORMATION N1Z0P1R1
 RESIDUE  654 OPERATED ON BY TRANSFORMATION Z0N1Z0R1
 RESIDUE  655 OPERATED ON BY TRANSFORMATION N1Z0Z0R1
 RESIDUE  656 OPERATED ON BY TRANSFORMATION N1Z0Z0R1
 RESIDUE  657 OPERATED ON BY TRANSFORMATION Z0N1Z0R1
 RESIDUE  658 OPERATED ON BY TRANSFORMATION Z0Z0P1R1
 RESIDUE  660 OPERATED ON BY TRANSFORMATION Z0N1Z0R1
 RESIDUE  661 OPERATED ON BY TRANSFORMATION Z0N1Z0R1
 RESIDUE  664 OPERATED ON BY TRANSFORMATION Z0N1Z0R1
 RESIDUE  665 OPERATED ON BY TRANSFORMATION Z0N1P1R1
 RESIDUE  666 OPERATED ON BY TRANSFORMATION Z0Z0P1R1
 RESIDUE  668 OPERATED ON BY TRANSFORMATION Z0Z0P1R1
 RESIDUE  672 OPERATED ON BY TRANSFORMATION Z0Z0P1R1
 RESIDUE  673 OPERATED ON BY TRANSFORMATION N1Z0Z0R1
 RESIDUE  674 OPERATED ON BY TRANSFORMATION N1Z0Z0R1
 RESIDUE  675 OPERATED ON BY TRANSFORMATION Z0N1P1R1
 RESIDUE  676 OPERATED ON BY TRANSFORMATION Z0Z0P1R1
 RESIDUE  678 OPERATED ON BY TRANSFORMATION Z0N1P1R1
 RESIDUE  679 OPERATED ON BY TRANSFORMATION Z0N1Z0R1
 RESIDUE  680 OPERATED ON BY TRANSFORMATION Z0N1Z0R1
 RESIDUE  681 OPERATED ON BY TRANSFORMATION Z0N1Z0R1
 RESIDUE  684 OPERATED ON BY TRANSFORMATION N1Z0Z0R1
 RESIDUE  686 OPERATED ON BY TRANSFORMATION Z0Z0P1R1
 RESIDUE  688 OPERATED ON BY TRANSFORMATION Z0Z0P1R1
 RESIDUE  694 OPERATED ON BY TRANSFORMATION N1Z0Z0R1
 RESIDUE  703 OPERATED ON BY TRANSFORMATION Z0Z0P1R1
 RESIDUE  704 OPERATED ON BY TRANSFORMATION Z0N1Z0R1
 RESIDUE  705 OPERATED ON BY TRANSFORMATION Z0N1Z0R1
 RESIDUE  706 OPERATED ON BY TRANSFORMATION N1Z0Z0R1
 RESIDUE  707 OPERATED ON BY TRANSFORMATION N1N1Z0R1
 RESIDUE  708 OPERATED ON BY TRANSFORMATION N1Z0Z0R1
 RESIDUE  710 OPERATED ON BY TRANSFORMATION N1Z0Z0R1
 RESIDUE  711 OPERATED ON BY TRANSFORMATION N1Z0Z0R1
 RESIDUE  712 OPERATED ON BY TRANSFORMATION N1Z0P1R1
 RESIDUE  713 OPERATED ON BY TRANSFORMATION N1Z0Z0R1
 RESIDUE  714 OPERATED ON BY TRANSFORMATION N1Z0Z0R1
 RESIDUE  716 OPERATED ON BY TRANSFORMATION N1Z0Z0R1
 RESIDUE  717 OPERATED ON BY TRANSFORMATION N1Z0P1R1
 RESIDUE  720 OPERATED ON BY TRANSFORMATION N1Z0Z0R1
 RESIDUE  721 OPERATED ON BY TRANSFORMATION Z0Z0P1R1
 RESIDUE  723 OPERATED ON BY TRANSFORMATION Z0N1Z0R1
 RESIDUE  724 OPERATED ON BY TRANSFORMATION Z0N1Z0R1
 RESIDUE  725 OPERATED ON BY TRANSFORMATION Z0N1Z0R1
 RESIDUE  726 OPERATED ON BY TRANSFORMATION Z0N1Z0R1
 RESIDUE  727 OPERATED ON BY TRANSFORMATION N1Z0Z0R1
 RESIDUE  728 OPERATED ON BY TRANSFORMATION Z0N1Z0R1
 RESIDUE  729 OPERATED ON BY TRANSFORMATION Z0N1Z0R1
 RESIDUE  730 OPERATED ON BY TRANSFORMATION Z0N1Z0R1
 RESIDUE  731 OPERATED ON BY TRANSFORMATION Z0N1Z0R1
 RESIDUE  732 OPERATED ON BY TRANSFORMATION Z0N1Z0R1
 RESIDUE  733 OPERATED ON BY TRANSFORMATION Z0N1Z0R1
 RESIDUE  734 OPERATED ON BY TRANSFORMATION Z0N1Z0R1
 RESIDUE  736 OPERATED ON BY TRANSFORMATION N1Z0Z0R1
 RESIDUE  737 OPERATED ON BY TRANSFORMATION N1Z0Z0R1
 RESIDUE  739 OPERATED ON BY TRANSFORMATION Z0Z0P1R1
 RESIDUE  742 OPERATED ON BY TRANSFORMATION N1Z0P1R1
 RESIDUE  743 OPERATED ON BY TRANSFORMATION Z0Z0P1R1
 RESIDUE  744 OPERATED ON BY TRANSFORMATION Z0Z0P1R1
 RESIDUE  747 OPERATED ON BY TRANSFORMATION N1Z0Z0R1
 RESIDUE  748 OPERATED ON BY TRANSFORMATION N1Z0Z0R1
 RESIDUE  749 OPERATED ON BY TRANSFORMATION N1Z0Z0R1
 RESIDUE  750 OPERATED ON BY TRANSFORMATION N1Z0Z0R1
 RESIDUE  751 OPERATED ON BY TRANSFORMATION N1Z0Z0R1
 RESIDUE  752 OPERATED ON BY TRANSFORMATION N1Z0Z0R1
 RESIDUE  753 OPERATED ON BY TRANSFORMATION N1Z0Z0R1
 RESIDUE  754 OPERATED ON BY TRANSFORMATION N1Z0Z0R1
 RESIDUE  755 OPERATED ON BY TRANSFORMATION N1Z0Z0R1
 RESIDUE  756 OPERATED ON BY TRANSFORMATION Z0N1Z0R1
 RESIDUE  757 OPERATED ON BY TRANSFORMATION Z0N1Z0R1
 RESIDUE  758 OPERATED ON BY TRANSFORMATION Z0N1Z0R1
 RESIDUE  759 OPERATED ON BY TRANSFORMATION Z0N1Z0R1
 RESIDUE  760 OPERATED ON BY TRANSFORMATION Z0N1Z0R1
 RESIDUE  761 OPERATED ON BY TRANSFORMATION Z0N1Z0R1
 RESIDUE  762 OPERATED ON BY TRANSFORMATION Z0N1Z0R1
 RESIDUE  763 OPERATED ON BY TRANSFORMATION Z0N1Z0R1
 RESIDUE  764 OPERATED ON BY TRANSFORMATION Z0N1Z0R1
 RESIDUE  765 OPERATED ON BY TRANSFORMATION Z0N1Z0R1
 RESIDUE  766 OPERATED ON BY TRANSFORMATION Z0N1Z0R1
 RESIDUE  767 OPERATED ON BY TRANSFORMATION Z0N1Z0R1
 RESIDUE  768 OPERATED ON BY TRANSFORMATION Z0N1Z0R1
 RESIDUE  769 OPERATED ON BY TRANSFORMATION Z0N1Z0R1
 RESIDUE  770 OPERATED ON BY TRANSFORMATION Z0N1Z0R1
 RESIDUE  771 OPERATED ON BY TRANSFORMATION Z0N1Z0R1
 RESIDUE  772 OPERATED ON BY TRANSFORMATION Z0N1Z0R1
 RESIDUE  773 OPERATED ON BY TRANSFORMATION Z0P1Z0R1
 RESIDUE  774 OPERATED ON BY TRANSFORMATION Z0P1Z0R1
 RESIDUE  775 OPERATED ON BY TRANSFORMATION Z0P1Z0R1
 RESIDUE  776 OPERATED ON BY TRANSFORMATION Z0P1Z0R1
 RESIDUE  777 OPERATED ON BY TRANSFORMATION Z0P1Z0R1
 RESIDUE  778 OPERATED ON BY TRANSFORMATION Z0P1Z0R1
 RESIDUE  779 OPERATED ON BY TRANSFORMATION Z0P1Z0R1
 RESIDUE  780 OPERATED ON BY TRANSFORMATION Z0P1Z0R1
 RESIDUE  781 OPERATED ON BY TRANSFORMATION Z0P1Z0R1
 RESIDUE  782 OPERATED ON BY TRANSFORMATION Z0P1Z0R1
 RESIDUE  783 OPERATED ON BY TRANSFORMATION Z0P1Z0R1
 RESIDUE  784 OPERATED ON BY TRANSFORMATION Z0P1Z0R1
 RESIDUE  785 OPERATED ON BY TRANSFORMATION Z0P1Z0R1
 RESIDUE  786 OPERATED ON BY TRANSFORMATION Z0P1Z0R1
 RESIDUE  787 OPERATED ON BY TRANSFORMATION Z0P1Z0R1
 RESIDUE  788 OPERATED ON BY TRANSFORMATION Z0P1Z0R1
 RESIDUE  789 OPERATED ON BY TRANSFORMATION Z0P1Z0R1
 RESIDUE  790 OPERATED ON BY TRANSFORMATION Z0P1Z0R1
 RESIDUE  791 OPERATED ON BY TRANSFORMATION P1Z0Z0R1
 RESIDUE  792 OPERATED ON BY TRANSFORMATION P1Z0Z0R1
 RESIDUE  793 OPERATED ON BY TRANSFORMATION P1Z0Z0R1
 RESIDUE  794 OPERATED ON BY TRANSFORMATION P1Z0Z0R1
 RESIDUE  795 OPERATED ON BY TRANSFORMATION P1Z0Z0R1
 RESIDUE  796 OPERATED ON BY TRANSFORMATION P1Z0Z0R1
 RESIDUE  797 OPERATED ON BY TRANSFORMATION P1Z0Z0R1
 RESIDUE  798 OPERATED ON BY TRANSFORMATION P1Z0Z0R1
 RESIDUE  801 OPERATED ON BY TRANSFORMATION P1Z0Z0R1
 RESIDUE  803 OPERATED ON BY TRANSFORMATION P1Z0Z0R1
 RESIDUE  804 OPERATED ON BY TRANSFORMATION P1Z0Z0R1
 RESIDUE  807 OPERATED ON BY TRANSFORMATION Z0P1Z0R1
 RESIDUE  809 OPERATED ON BY TRANSFORMATION P1P1Z0R1
 RESIDUE  810 OPERATED ON BY TRANSFORMATION Z0P1Z0R1
 RESIDUE  811 OPERATED ON BY TRANSFORMATION P1Z0Z0R1
 RESIDUE  813 OPERATED ON BY TRANSFORMATION Z0P1N1R1
 RESIDUE  816 OPERATED ON BY TRANSFORMATION Z0P1Z0R1
 RESIDUE  817 OPERATED ON BY TRANSFORMATION P1P1Z0R1
 RESIDUE  818 OPERATED ON BY TRANSFORMATION P1Z0N1R1
 RESIDUE  819 OPERATED ON BY TRANSFORMATION P1Z0Z0R1
 RESIDUE  821 OPERATED ON BY TRANSFORMATION Z0P1Z0R1
 RESIDUE  824 OPERATED ON BY TRANSFORMATION Z0Z0N1R1
 RESIDUE  829 OPERATED ON BY TRANSFORMATION Z0Z0N1R1
 RESIDUE  834 OPERATED ON BY TRANSFORMATION Z0Z0N1R1
 RESIDUE  837 OPERATED ON BY TRANSFORMATION P1Z0N1R1
 RESIDUE  838 OPERATED ON BY TRANSFORMATION Z0P1Z0R1
 RESIDUE  839 OPERATED ON BY TRANSFORMATION P1Z0Z0R1
 RESIDUE  841 OPERATED ON BY TRANSFORMATION P1Z0Z0R1
 RESIDUE  842 OPERATED ON BY TRANSFORMATION Z0Z0N1R1
 RESIDUE  843 OPERATED ON BY TRANSFORMATION Z0Z0N1R1
 RESIDUE  845 OPERATED ON BY TRANSFORMATION P1Z0Z0R1
 RESIDUE  848 OPERATED ON BY TRANSFORMATION Z0Z0N1R1
 RESIDUE  849 OPERATED ON BY TRANSFORMATION P1Z0N1R1
 RESIDUE  850 OPERATED ON BY TRANSFORMATION Z0P1N1R1
 RESIDUE  852 OPERATED ON BY TRANSFORMATION Z0P1Z0R1
 RESIDUE  853 OPERATED ON BY TRANSFORMATION P1Z0Z0R1
 RESIDUE  854 OPERATED ON BY TRANSFORMATION P1Z0Z0R1
 RESIDUE  857 OPERATED ON BY TRANSFORMATION Z0P1Z0R1
 RESIDUE  859 OPERATED ON BY TRANSFORMATION Z0P1Z0R1
 RESIDUE  860 OPERATED ON BY TRANSFORMATION P1P1Z0R1
 RESIDUE  862 OPERATED ON BY TRANSFORMATION Z0P1Z0R1
 RESIDUE  863 OPERATED ON BY TRANSFORMATION P1Z0Z0R1
 RESIDUE  864 OPERATED ON BY TRANSFORMATION Z0Z0N1R1
 RESIDUE  866 OPERATED ON BY TRANSFORMATION Z0P1Z0R1
 RESIDUE  869 OPERATED ON BY TRANSFORMATION Z0P1Z0R1
 RESIDUE  870 OPERATED ON BY TRANSFORMATION Z0Z0N1R1
 RESIDUE  872 OPERATED ON BY TRANSFORMATION P1Z0Z0R1
 RESIDUE  874 OPERATED ON BY TRANSFORMATION Z0Z0N1R1
 RESIDUE  875 OPERATED ON BY TRANSFORMATION Z0Z0N1R1
 RESIDUE  877 OPERATED ON BY TRANSFORMATION Z0Z0N1R1
 RESIDUE  881 OPERATED ON BY TRANSFORMATION P1Z0Z0R1
 RESIDUE  887 OPERATED ON BY TRANSFORMATION Z0Z0N1R1
 RESIDUE  889 OPERATED ON BY TRANSFORMATION P1Z0Z0R1
 RESIDUE  892 OPERATED ON BY TRANSFORMATION P1Z0Z0R1
 RESIDUE  893 OPERATED ON BY TRANSFORMATION Z0P1N1R1
 RESIDUE  894 OPERATED ON BY TRANSFORMATION Z0P1Z0R1
 RESIDUE  896 OPERATED ON BY TRANSFORMATION Z0P1Z0R1
 RESIDUE  897 OPERATED ON BY TRANSFORMATION Z0Z0N1R1
 RESIDUE  898 OPERATED ON BY TRANSFORMATION Z0P1Z0R1
 RESIDUE  900 OPERATED ON BY TRANSFORMATION Z0P1Z0R1
 RESIDUE  901 OPERATED ON BY TRANSFORMATION Z0P1N1R1
 RESIDUE  903 OPERATED ON BY TRANSFORMATION P1Z0Z0R1
 RESIDUE  904 OPERATED ON BY TRANSFORMATION P1Z0Z0R1
 RESIDUE  906 OPERATED ON BY TRANSFORMATION P1Z0Z0R1
 RESIDUE  907 OPERATED ON BY TRANSFORMATION Z0Z0N1R1
 RESIDUE  909 OPERATED ON BY TRANSFORMATION Z0Z0N1R1
 RESIDUE  912 OPERATED ON BY TRANSFORMATION Z0Z0N1R1
 RESIDUE  914 OPERATED ON BY TRANSFORMATION Z0Z0N1R1
 RESIDUE  916 OPERATED ON BY TRANSFORMATION Z0Z0N1R1
 RESIDUE  918 OPERATED ON BY TRANSFORMATION Z0Z0N1R1
 RESIDUE  920 OPERATED ON BY TRANSFORMATION Z0Z0N1R1
 RESIDUE  921 OPERATED ON BY TRANSFORMATION Z0Z0N1R1
 RESIDUE  923 OPERATED ON BY TRANSFORMATION P1Z0Z0R1
 RESIDUE  924 OPERATED ON BY TRANSFORMATION P1Z0Z0R1
 RESIDUE  925 OPERATED ON BY TRANSFORMATION P1Z0Z0R1
 RESIDUE  927 OPERATED ON BY TRANSFORMATION Z0Z0N1R1
 RESIDUE  928 OPERATED ON BY TRANSFORMATION Z0Z0N1R1
 RESIDUE  936 OPERATED ON BY TRANSFORMATION P1Z0Z0R1
 RESIDUE  937 OPERATED ON BY TRANSFORMATION Z0Z0N1R1
 RESIDUE  938 OPERATED ON BY TRANSFORMATION Z0Z0N1R1
 RESIDUE  939 OPERATED ON BY TRANSFORMATION Z0P1Z0R1
 RESIDUE  940 OPERATED ON BY TRANSFORMATION Z0P1Z0R1
 RESIDUE  943 OPERATED ON BY TRANSFORMATION Z0P1Z0R1
 RESIDUE  944 OPERATED ON BY TRANSFORMATION Z0P1Z0R1
 RESIDUE  946 OPERATED ON BY TRANSFORMATION Z0Z0N1R1
 RESIDUE  947 OPERATED ON BY TRANSFORMATION Z0Z0N1R1
 RESIDUE  948 OPERATED ON BY TRANSFORMATION Z0Z0N1R1
 RESIDUE  949 OPERATED ON BY TRANSFORMATION P1Z0N1R1
 RESIDUE  950 OPERATED ON BY TRANSFORMATION P1Z0Z0R1
 RESIDUE  954 OPERATED ON BY TRANSFORMATION P1Z0Z0R1
 RESIDUE  955 OPERATED ON BY TRANSFORMATION P1Z0Z0R1
 RESIDUE  957 OPERATED ON BY TRANSFORMATION Z0P1Z0R1
 RESIDUE  958 OPERATED ON BY TRANSFORMATION Z0P1Z0R1
 RESIDUE  959 OPERATED ON BY TRANSFORMATION Z0P1Z0R1
 RESIDUE  960 OPERATED ON BY TRANSFORMATION Z0P1Z0R1
 RESIDUE  961 OPERATED ON BY TRANSFORMATION Z0P1Z0R1
 RESIDUE  962 OPERATED ON BY TRANSFORMATION Z0P1Z0R1
 RESIDUE  963 OPERATED ON BY TRANSFORMATION P1Z0Z0R1
 RESIDUE  964 OPERATED ON BY TRANSFORMATION P1P1Z0R1
 RESIDUE  965 OPERATED ON BY TRANSFORMATION Z0P1Z0R1
 RESIDUE  968 OPERATED ON BY TRANSFORMATION P1Z0Z0R1
 RESIDUE  969 OPERATED ON BY TRANSFORMATION Z0Z0N1R1
 RESIDUE  973 OPERATED ON BY TRANSFORMATION N1Z0Z0R1
 RESIDUE  980 OPERATED ON BY TRANSFORMATION Z0P1Z0R1
 RESIDUE  981 OPERATED ON BY TRANSFORMATION N1P1Z0R1
 RESIDUE  984 OPERATED ON BY TRANSFORMATION Z0P1Z0R1
 RESIDUE  987 OPERATED ON BY TRANSFORMATION Z0P1Z0R1
 RESIDUE  988 OPERATED ON BY TRANSFORMATION Z0Z0N1R1
 RESIDUE  990 OPERATED ON BY TRANSFORMATION N1Z0Z0R1
 RESIDUE  991 OPERATED ON BY TRANSFORMATION N1Z0Z0R1
 RESIDUE  992 OPERATED ON BY TRANSFORMATION N1Z0Z0R1
 RESIDUE  993 OPERATED ON BY TRANSFORMATION N1Z0N1R1
 RESIDUE  996 OPERATED ON BY TRANSFORMATION N1Z0Z0R1
 RESIDUE  997 OPERATED ON BY TRANSFORMATION N1Z0N1R1
 RESIDUE 1002 OPERATED ON BY TRANSFORMATION Z0Z0N1R1
 RESIDUE 1004 OPERATED ON BY TRANSFORMATION Z0Z0N1R1
 RESIDUE 1006 OPERATED ON BY TRANSFORMATION Z0Z0N1R1
 RESIDUE 1008 OPERATED ON BY TRANSFORMATION N1Z0Z0R1
 RESIDUE 1011 OPERATED ON BY TRANSFORMATION Z0Z0N1R1
 RESIDUE 1016 OPERATED ON BY TRANSFORMATION Z0Z0N1R1
 RESIDUE 1017 OPERATED ON BY TRANSFORMATION Z0P1Z0R1
 RESIDUE 1018 OPERATED ON BY TRANSFORMATION N1Z0Z0R1
 RESIDUE 1019 OPERATED ON BY TRANSFORMATION Z0P1Z0R1
 RESIDUE 1024 OPERATED ON BY TRANSFORMATION Z0Z0N1R1
 RESIDUE 1025 OPERATED ON BY TRANSFORMATION Z0P1Z0R1
 RESIDUE 1026 OPERATED ON BY TRANSFORMATION Z0P1Z0R1
 RESIDUE 1027 OPERATED ON BY TRANSFORMATION Z0P1Z0R1
 RESIDUE 1029 OPERATED ON BY TRANSFORMATION Z0P1Z0R1
 RESIDUE 1030 OPERATED ON BY TRANSFORMATION Z0P1Z0R1
 RESIDUE 1032 OPERATED ON BY TRANSFORMATION Z0P1Z0R1
 RESIDUE 1034 OPERATED ON BY TRANSFORMATION Z0Z0N1R1
 RESIDUE 1036 OPERATED ON BY TRANSFORMATION Z0P1Z0R1
 RESIDUE 1037 OPERATED ON BY TRANSFORMATION Z0P1Z0R1
 RESIDUE 1039 OPERATED ON BY TRANSFORMATION N1Z0Z0R1
 RESIDUE 1040 OPERATED ON BY TRANSFORMATION Z0P1Z0R1
 RESIDUE 1041 OPERATED ON BY TRANSFORMATION Z0Z0N1R1
 RESIDUE 1042 OPERATED ON BY TRANSFORMATION N1Z0Z0R1
 RESIDUE 1045 OPERATED ON BY TRANSFORMATION Z0Z0N1R1
 RESIDUE 1046 OPERATED ON BY TRANSFORMATION Z0Z0N1R1
 RESIDUE 1047 OPERATED ON BY TRANSFORMATION Z0Z0N1R1
 RESIDUE 1048 OPERATED ON BY TRANSFORMATION N1Z0Z0R1
 RESIDUE 1049 OPERATED ON BY TRANSFORMATION N1Z0Z0R1
 RESIDUE 1050 OPERATED ON BY TRANSFORMATION N1Z0Z0R1
 RESIDUE 1057 OPERATED ON BY TRANSFORMATION N1Z0Z0R1
 RESIDUE 1058 OPERATED ON BY TRANSFORMATION N1Z0N1R1
 RESIDUE 1059 OPERATED ON BY TRANSFORMATION N1Z0Z0R1
 RESIDUE 1060 OPERATED ON BY TRANSFORMATION Z0P1N1R1
 RESIDUE 1061 OPERATED ON BY TRANSFORMATION N1Z0Z0R1
 RESIDUE 1066 OPERATED ON BY TRANSFORMATION Z0P1Z0R1
 RESIDUE 1068 OPERATED ON BY TRANSFORMATION Z0P1Z0R1
 RESIDUE 1069 OPERATED ON BY TRANSFORMATION Z0Z0N1R1
 RESIDUE 1070 OPERATED ON BY TRANSFORMATION Z0P1Z0R1
 RESIDUE 1072 OPERATED ON BY TRANSFORMATION Z0P1Z0R1
 RESIDUE 1073 OPERATED ON BY TRANSFORMATION N1Z0Z0R1
 RESIDUE 1076 OPERATED ON BY TRANSFORMATION N1Z0Z0R1
 RESIDUE 1077 OPERATED ON BY TRANSFORMATION Z0P1Z0R1
 RESIDUE 1079 OPERATED ON BY TRANSFORMATION Z0Z0N1R1
 RESIDUE 1080 OPERATED ON BY TRANSFORMATION Z0Z0N1R1
 RESIDUE 1082 OPERATED ON BY TRANSFORMATION Z0Z0N1R1
 RESIDUE 1083 OPERATED ON BY TRANSFORMATION N1Z0Z0R1
 RESIDUE 1084 OPERATED ON BY TRANSFORMATION Z0Z0N1R1
 RESIDUE 1086 OPERATED ON BY TRANSFORMATION Z0Z0N1R1
 RESIDUE 1088 OPERATED ON BY TRANSFORMATION N1Z0N1R1
 RESIDUE 1089 OPERATED ON BY TRANSFORMATION Z0Z0N1R1
 RESIDUE 1091 OPERATED ON BY TRANSFORMATION Z0Z0N1R1
 RESIDUE 1093 OPERATED ON BY TRANSFORMATION N1Z0Z0R1
 RESIDUE 1094 OPERATED ON BY TRANSFORMATION Z0P1N1R1
 RESIDUE 1095 OPERATED ON BY TRANSFORMATION Z0P1Z0R1
 RESIDUE 1096 OPERATED ON BY TRANSFORMATION Z0Z0N1R1
 RESIDUE 1097 OPERATED ON BY TRANSFORMATION Z0Z0N1R1
 RESIDUE 1102 OPERATED ON BY TRANSFORMATION N1Z0Z0R1
 RESIDUE 1103 OPERATED ON BY TRANSFORMATION N1Z0Z0R1
 RESIDUE 1104 OPERATED ON BY TRANSFORMATION N1Z0Z0R1
 RESIDUE 1105 OPERATED ON BY TRANSFORMATION N1Z0Z0R1
 RESIDUE 1106 OPERATED ON BY TRANSFORMATION N1Z0Z0R1
 RESIDUE 1107 OPERATED ON BY TRANSFORMATION N1Z0Z0R1
 RESIDUE 1108 OPERATED ON BY TRANSFORMATION N1Z0Z0R1
 RESIDUE 1109 OPERATED ON BY TRANSFORMATION N1Z0Z0R1
 RESIDUE 1111 OPERATED ON BY TRANSFORMATION N1P1Z0R1
 RESIDUE 1112 OPERATED ON BY TRANSFORMATION N1P1Z0R1
 RESIDUE 1113 OPERATED ON BY TRANSFORMATION Z0P1N1R1
 RESIDUE 1114 OPERATED ON BY TRANSFORMATION Z0P1Z0R1
 RESIDUE 1116 OPERATED ON BY TRANSFORMATION Z0P1Z0R1
 RESIDUE 1117 OPERATED ON BY TRANSFORMATION N1Z0Z0R1
 RESIDUE 1118 OPERATED ON BY TRANSFORMATION Z0P1Z0R1
 RESIDUE 1119 OPERATED ON BY TRANSFORMATION Z0Z0N1R1
 RESIDUE 1120 OPERATED ON BY TRANSFORMATION Z0Z0N1R1
 RESIDUE 1121 OPERATED ON BY TRANSFORMATION Z0Z0N1R1
 RESIDUE 1122 OPERATED ON BY TRANSFORMATION Z0Z0N1R1
 RESIDUE 1123 OPERATED ON BY TRANSFORMATION Z0Z0N1R1
 RESIDUE 1127 OPERATED ON BY TRANSFORMATION N1Z0Z0R1
 RESIDUE 1131 OPERATED ON BY TRANSFORMATION Z0P1Z0R1
 RESIDUE 1132 OPERATED ON BY TRANSFORMATION Z0P1Z0R1
 RESIDUE 1133 OPERATED ON BY TRANSFORMATION Z0P1Z0R1
 RESIDUE 1134 OPERATED ON BY TRANSFORMATION Z0P1Z0R1
 RESIDUE 1136 OPERATED ON BY TRANSFORMATION Z0P1Z0R1
 RESIDUE 1137 OPERATED ON BY TRANSFORMATION Z0P1Z0R1
 RESIDUE 1139 OPERATED ON BY TRANSFORMATION N1Z0Z0R1
 RESIDUE 1140 OPERATED ON BY TRANSFORMATION N1Z0Z0R1
 RESIDUE 1141 OPERATED ON BY TRANSFORMATION N1Z0Z0R1
 RESIDUE 1142 OPERATED ON BY TRANSFORMATION N1Z0Z0R1
 RESIDUE 1143 OPERATED ON BY TRANSFORMATION N1Z0Z0R1
 RESIDUE 1144 OPERATED ON BY TRANSFORMATION N1Z0Z0R1
 RESIDUE 1145 OPERATED ON BY TRANSFORMATION N1Z0Z0R1
 RESIDUE 1146 OPERATED ON BY TRANSFORMATION N1Z0Z0R1
 RESIDUE 1147 OPERATED ON BY TRANSFORMATION P1Z0Z0R1
 RESIDUE 1148 OPERATED ON BY TRANSFORMATION P1Z0Z0R1
 RESIDUE 1149 OPERATED ON BY TRANSFORMATION P1Z0Z0R1
 RESIDUE 1150 OPERATED ON BY TRANSFORMATION P1Z0Z0R1
 RESIDUE 1151 OPERATED ON BY TRANSFORMATION P1Z0Z0R1
 RESIDUE 1152 OPERATED ON BY TRANSFORMATION P1Z0Z0R1
 RESIDUE 1153 OPERATED ON BY TRANSFORMATION P1Z0Z0R1
 RESIDUE 1154 OPERATED ON BY TRANSFORMATION P1Z0Z0R1
 RESIDUE 1157 OPERATED ON BY TRANSFORMATION P1Z0Z0R1
 RESIDUE 1159 OPERATED ON BY TRANSFORMATION P1Z0Z0R1
 RESIDUE 1160 OPERATED ON BY TRANSFORMATION P1Z0Z0R1
 RESIDUE 1161 OPERATED ON BY TRANSFORMATION P1Z0Z0R1
 RESIDUE 1162 OPERATED ON BY TRANSFORMATION Z0N1Z0R1
 RESIDUE 1166 OPERATED ON BY TRANSFORMATION P1Z0Z0R1
 RESIDUE 1168 OPERATED ON BY TRANSFORMATION P1Z0Z0R1
 RESIDUE 1170 OPERATED ON BY TRANSFORMATION Z0Z0N1R1
 RESIDUE 1171 OPERATED ON BY TRANSFORMATION P1Z0Z0R1
 RESIDUE 1175 OPERATED ON BY TRANSFORMATION P1Z0Z0R1
 RESIDUE 1176 OPERATED ON BY TRANSFORMATION P1Z0Z0R1
 RESIDUE 1177 OPERATED ON BY TRANSFORMATION Z0N1Z0R1
 RESIDUE 1180 OPERATED ON BY TRANSFORMATION Z0N1Z0R1
 RESIDUE 1181 OPERATED ON BY TRANSFORMATION Z0N1Z0R1
 RESIDUE 1182 OPERATED ON BY TRANSFORMATION Z0Z0N1R1
 RESIDUE 1187 OPERATED ON BY TRANSFORMATION Z0Z0N1R1
 RESIDUE 1189 OPERATED ON BY TRANSFORMATION Z0N1Z0R1
 RESIDUE 1191 OPERATED ON BY TRANSFORMATION Z0N1Z0R1
 RESIDUE 1193 OPERATED ON BY TRANSFORMATION Z0N1Z0R1
 RESIDUE 1194 OPERATED ON BY TRANSFORMATION P1Z0Z0R1
 RESIDUE 1195 OPERATED ON BY TRANSFORMATION Z0N1Z0R1
 RESIDUE 1196 OPERATED ON BY TRANSFORMATION Z0N1N1R1
 RESIDUE 1197 OPERATED ON BY TRANSFORMATION Z0N1Z0R1
 RESIDUE 1198 OPERATED ON BY TRANSFORMATION Z0N1Z0R1
 RESIDUE 1199 OPERATED ON BY TRANSFORMATION Z0N1Z0R1
 RESIDUE 1200 OPERATED ON BY TRANSFORMATION Z0Z0N1R1
 RESIDUE 1201 OPERATED ON BY TRANSFORMATION P1Z0Z0R1
 RESIDUE 1202 OPERATED ON BY TRANSFORMATION Z0Z0N1R1
 RESIDUE 1203 OPERATED ON BY TRANSFORMATION Z0Z0N1R1
 RESIDUE 1206 OPERATED ON BY TRANSFORMATION P1Z0Z0R1
 RESIDUE 1207 OPERATED ON BY TRANSFORMATION P1Z0Z0R1
 RESIDUE 1209 OPERATED ON BY TRANSFORMATION Z0Z0N1R1
 RESIDUE 1211 OPERATED ON BY TRANSFORMATION P1Z0N1R1
 RESIDUE 1213 OPERATED ON BY TRANSFORMATION P1Z0Z0R1
 RESIDUE 1214 OPERATED ON BY TRANSFORMATION P1Z0Z0R1
 RESIDUE 1217 OPERATED ON BY TRANSFORMATION P1Z0Z0R1
 RESIDUE 1220 OPERATED ON BY TRANSFORMATION P1Z0Z0R1
 RESIDUE 1222 OPERATED ON BY TRANSFORMATION P1Z0Z0R1
 RESIDUE 1227 OPERATED ON BY TRANSFORMATION Z0Z0N1R1
 RESIDUE 1229 OPERATED ON BY TRANSFORMATION P1Z0Z0R1
 RESIDUE 1231 OPERATED ON BY TRANSFORMATION Z0Z0N1R1
 RESIDUE 1232 OPERATED ON BY TRANSFORMATION Z0N1N1R1
 RESIDUE 1234 OPERATED ON BY TRANSFORMATION Z0Z0N1R1
 RESIDUE 1235 OPERATED ON BY TRANSFORMATION Z0N1Z0R1
 RESIDUE 1237 OPERATED ON BY TRANSFORMATION Z0N1Z0R1
 RESIDUE 1238 OPERATED ON BY TRANSFORMATION P1Z0Z0R1
 RESIDUE 1240 OPERATED ON BY TRANSFORMATION Z0N1Z0R1
 RESIDUE 1243 OPERATED ON BY TRANSFORMATION Z0N1N1R1
 RESIDUE 1244 OPERATED ON BY TRANSFORMATION Z0N1Z0R1
 RESIDUE 1245 OPERATED ON BY TRANSFORMATION P1Z0N1R1
 RESIDUE 1247 OPERATED ON BY TRANSFORMATION Z0N1Z0R1
 RESIDUE 1248 OPERATED ON BY TRANSFORMATION Z0N1Z0R1
 RESIDUE 1249 OPERATED ON BY TRANSFORMATION P1Z0Z0R1
 RESIDUE 1250 OPERATED ON BY TRANSFORMATION Z0Z0N1R1
 RESIDUE 1252 OPERATED ON BY TRANSFORMATION Z0N1Z0R1
 RESIDUE 1254 OPERATED ON BY TRANSFORMATION Z0Z0N1R1
 RESIDUE 1256 OPERATED ON BY TRANSFORMATION Z0N1Z0R1
 RESIDUE 1258 OPERATED ON BY TRANSFORMATION Z0Z0N1R1
 RESIDUE 1260 OPERATED ON BY TRANSFORMATION P1N1Z0R1
 RESIDUE 1261 OPERATED ON BY TRANSFORMATION P1Z0Z0R1
 RESIDUE 1262 OPERATED ON BY TRANSFORMATION Z0N1Z0R1
 RESIDUE 1263 OPERATED ON BY TRANSFORMATION P1Z0Z0R1
 RESIDUE 1264 OPERATED ON BY TRANSFORMATION Z0N1Z0R1
 RESIDUE 1265 OPERATED ON BY TRANSFORMATION Z0N1Z0R1
 RESIDUE 1268 OPERATED ON BY TRANSFORMATION Z0Z0N1R1
 RESIDUE 1270 OPERATED ON BY TRANSFORMATION Z0Z0N1R1
 RESIDUE 1272 OPERATED ON BY TRANSFORMATION Z0Z0N1R1
 RESIDUE 1274 OPERATED ON BY TRANSFORMATION Z0Z0N1R1
 RESIDUE 1276 OPERATED ON BY TRANSFORMATION Z0Z0N1R1
 RESIDUE 1277 OPERATED ON BY TRANSFORMATION Z0Z0N1R1
 RESIDUE 1278 OPERATED ON BY TRANSFORMATION Z0Z0N1R1
 RESIDUE 1279 OPERATED ON BY TRANSFORMATION Z0Z0N1R1
 RESIDUE 1280 OPERATED ON BY TRANSFORMATION Z0Z0N1R1
 RESIDUE 1281 OPERATED ON BY TRANSFORMATION Z0Z0N1R1
 RESIDUE 1282 OPERATED ON BY TRANSFORMATION Z0Z0N1R1
 RESIDUE 1283 OPERATED ON BY TRANSFORMATION Z0Z0N1R1
 RESIDUE 1284 OPERATED ON BY TRANSFORMATION Z0Z0N1R1
 RESIDUE 1285 OPERATED ON BY TRANSFORMATION Z0N1Z0R1
 RESIDUE 1286 OPERATED ON BY TRANSFORMATION P1Z0Z0R1
 RESIDUE 1287 OPERATED ON BY TRANSFORMATION Z0N1Z0R1
 RESIDUE 1288 OPERATED ON BY TRANSFORMATION Z0N1N1R1
 RESIDUE 1292 OPERATED ON BY TRANSFORMATION Z0N1Z0R1
 RESIDUE 1296 OPERATED ON BY TRANSFORMATION Z0Z0N1R1
 RESIDUE 1297 OPERATED ON BY TRANSFORMATION Z0Z0N1R1
 RESIDUE 1302 OPERATED ON BY TRANSFORMATION Z0Z0N1R1
 RESIDUE 1304 OPERATED ON BY TRANSFORMATION P1Z0Z0R1
 RESIDUE 1305 OPERATED ON BY TRANSFORMATION P1Z0Z0R1
 RESIDUE 1306 OPERATED ON BY TRANSFORMATION Z0Z0N1R1
 RESIDUE 1308 OPERATED ON BY TRANSFORMATION P1Z0Z0R1
 RESIDUE 1309 OPERATED ON BY TRANSFORMATION Z0N1Z0R1
 RESIDUE 1310 OPERATED ON BY TRANSFORMATION Z0Z0N1R1
 RESIDUE 1311 OPERATED ON BY TRANSFORMATION Z0N1Z0R1
 RESIDUE 1315 OPERATED ON BY TRANSFORMATION P1Z0Z0R1
 RESIDUE 1316 OPERATED ON BY TRANSFORMATION P1Z0Z0R1
 RESIDUE 1320 OPERATED ON BY TRANSFORMATION P1Z0Z0R1
 RESIDUE 1322 OPERATED ON BY TRANSFORMATION Z0N1Z0R1
 RESIDUE 1323 OPERATED ON BY TRANSFORMATION Z0N1Z0R1
 RESIDUE 1324 OPERATED ON BY TRANSFORMATION Z0Z0N1R1
 RESIDUE 1328 OPERATED ON BY TRANSFORMATION N1Z0Z0R1
 RESIDUE 1332 OPERATED ON BY TRANSFORMATION Z0N1Z0R1
 RESIDUE 1334 OPERATED ON BY TRANSFORMATION N1Z0Z0R1
 RESIDUE 1337 OPERATED ON BY TRANSFORMATION N1Z0Z0R1
 RESIDUE 1343 OPERATED ON BY TRANSFORMATION N1Z0Z0R1
 RESIDUE 1345 OPERATED ON BY TRANSFORMATION Z0Z0N1R1
 RESIDUE 1347 OPERATED ON BY TRANSFORMATION N1Z0Z0R1
 RESIDUE 1349 OPERATED ON BY TRANSFORMATION N1N1Z0R1
 RESIDUE 1350 OPERATED ON BY TRANSFORMATION N1N1Z0R1
 RESIDUE 1353 OPERATED ON BY TRANSFORMATION N1Z0Z0R1
 RESIDUE 1354 OPERATED ON BY TRANSFORMATION N1Z0N1R1
 RESIDUE 1356 OPERATED ON BY TRANSFORMATION Z0N1Z0R1
 RESIDUE 1358 OPERATED ON BY TRANSFORMATION Z0N1Z0R1
 RESIDUE 1359 OPERATED ON BY TRANSFORMATION Z0N1N1R1
 RESIDUE 1361 OPERATED ON BY TRANSFORMATION Z0Z0N1R1
 RESIDUE 1362 OPERATED ON BY TRANSFORMATION Z0N1Z0R1
 RESIDUE 1363 OPERATED ON BY TRANSFORMATION Z0N1N1R1
 RESIDUE 1364 OPERATED ON BY TRANSFORMATION N1Z0Z0R1
 RESIDUE 1367 OPERATED ON BY TRANSFORMATION Z0N1Z0R1
 RESIDUE 1368 OPERATED ON BY TRANSFORMATION Z0N1Z0R1
 RESIDUE 1369 OPERATED ON BY TRANSFORMATION Z0N1Z0R1
 RESIDUE 1370 OPERATED ON BY TRANSFORMATION Z0N1Z0R1
 RESIDUE 1371 OPERATED ON BY TRANSFORMATION Z0N1Z0R1
 RESIDUE 1372 OPERATED ON BY TRANSFORMATION Z0Z0N1R1
 RESIDUE 1374 OPERATED ON BY TRANSFORMATION Z0Z0N1R1
 RESIDUE 1375 OPERATED ON BY TRANSFORMATION Z0Z0N1R1
 RESIDUE 1376 OPERATED ON BY TRANSFORMATION N1Z0Z0R1
 RESIDUE 1381 OPERATED ON BY TRANSFORMATION Z0Z0N1R1
 RESIDUE 1383 OPERATED ON BY TRANSFORMATION Z0Z0N1R1
 RESIDUE 1393 OPERATED ON BY TRANSFORMATION Z0Z0N1R1
 RESIDUE 1399 OPERATED ON BY TRANSFORMATION Z0Z0N1R1
 RESIDUE 1400 OPERATED ON BY TRANSFORMATION N1Z0Z0R1
 RESIDUE 1403 OPERATED ON BY TRANSFORMATION Z0Z0N1R1
 RESIDUE 1404 OPERATED ON BY TRANSFORMATION Z0Z0N1R1
 RESIDUE 1405 OPERATED ON BY TRANSFORMATION N1Z0Z0R1
 RESIDUE 1406 OPERATED ON BY TRANSFORMATION N1N1Z0R1
 RESIDUE 1407 OPERATED ON BY TRANSFORMATION N1Z0Z0R1
 RESIDUE 1408 OPERATED ON BY TRANSFORMATION Z0N1Z0R1
 RESIDUE 1411 OPERATED ON BY TRANSFORMATION Z0N1Z0R1
 RESIDUE 1412 OPERATED ON BY TRANSFORMATION Z0N1Z0R1
 RESIDUE 1414 OPERATED ON BY TRANSFORMATION N1Z0Z0R1
 RESIDUE 1415 OPERATED ON BY TRANSFORMATION Z0Z0N1R1
 RESIDUE 1416 OPERATED ON BY TRANSFORMATION N1Z0Z0R1
 RESIDUE 1417 OPERATED ON BY TRANSFORMATION Z0N1Z0R1
 RESIDUE 1418 OPERATED ON BY TRANSFORMATION Z0N1Z0R1
 RESIDUE 1419 OPERATED ON BY TRANSFORMATION Z0N1Z0R1
 RESIDUE 1421 OPERATED ON BY TRANSFORMATION Z0Z0N1R1
 RESIDUE 1423 OPERATED ON BY TRANSFORMATION Z0N1Z0R1
 RESIDUE 1425 OPERATED ON BY TRANSFORMATION Z0Z0N1R1
 RESIDUE 1427 OPERATED ON BY TRANSFORMATION Z0N1Z0R1
 RESIDUE 1429 OPERATED ON BY TRANSFORMATION N1Z0N1R1
 RESIDUE 1430 OPERATED ON BY TRANSFORMATION N1Z0Z0R1
 RESIDUE 1431 OPERATED ON BY TRANSFORMATION Z0N1Z0R1
 RESIDUE 1434 OPERATED ON BY TRANSFORMATION Z0N1Z0R1
 RESIDUE 1435 OPERATED ON BY TRANSFORMATION Z0N1Z0R1
 RESIDUE 1436 OPERATED ON BY TRANSFORMATION N1N1Z0R1
 RESIDUE 1437 OPERATED ON BY TRANSFORMATION Z0Z0N1R1
 RESIDUE 1439 OPERATED ON BY TRANSFORMATION Z0Z0N1R1
 RESIDUE 1441 OPERATED ON BY TRANSFORMATION Z0Z0N1R1
 RESIDUE 1443 OPERATED ON BY TRANSFORMATION Z0Z0N1R1
 RESIDUE 1445 OPERATED ON BY TRANSFORMATION N1Z0Z0R1
 RESIDUE 1446 OPERATED ON BY TRANSFORMATION Z0Z0N1R1
 RESIDUE 1448 OPERATED ON BY TRANSFORMATION Z0Z0N1R1
 RESIDUE 1449 OPERATED ON BY TRANSFORMATION Z0Z0N1R1
 RESIDUE 1450 OPERATED ON BY TRANSFORMATION Z0Z0N1R1
 RESIDUE 1451 OPERATED ON BY TRANSFORMATION Z0Z0N1R1
 RESIDUE 1452 OPERATED ON BY TRANSFORMATION Z0Z0N1R1
 RESIDUE 1453 OPERATED ON BY TRANSFORMATION Z0Z0N1R1
 RESIDUE 1454 OPERATED ON BY TRANSFORMATION Z0Z0N1R1
 RESIDUE 1455 OPERATED ON BY TRANSFORMATION Z0Z0N1R1
 RESIDUE 1456 OPERATED ON BY TRANSFORMATION Z0N1Z0R1
 RESIDUE 1458 OPERATED ON BY TRANSFORMATION Z0N1Z0R1
 RESIDUE 1459 OPERATED ON BY TRANSFORMATION Z0N1Z0R1
 RESIDUE 1460 OPERATED ON BY TRANSFORMATION N1Z0Z0R1
 RESIDUE 1461 OPERATED ON BY TRANSFORMATION N1Z0Z0R1
 RESIDUE 1462 OPERATED ON BY TRANSFORMATION N1Z0Z0R1
 RESIDUE 1463 OPERATED ON BY TRANSFORMATION N1Z0Z0R1
 RESIDUE 1464 OPERATED ON BY TRANSFORMATION N1Z0Z0R1
 RESIDUE 1466 OPERATED ON BY TRANSFORMATION N1Z0Z0R1
 RESIDUE 1467 OPERATED ON BY TRANSFORMATION N1Z0Z0R1
 RESIDUE 1468 OPERATED ON BY TRANSFORMATION N1Z0Z0R1
 RESIDUE 1469 OPERATED ON BY TRANSFORMATION N1Z0Z0R1
 RESIDUE 1470 OPERATED ON BY TRANSFORMATION Z0Z0N1R1
 RESIDUE 1471 OPERATED ON BY TRANSFORMATION N1Z0Z0R1
 RESIDUE 1474 OPERATED ON BY TRANSFORMATION N1Z0Z0R1
 RESIDUE 1477 OPERATED ON BY TRANSFORMATION Z0N1N1R1
 RESIDUE 1478 OPERATED ON BY TRANSFORMATION N1Z0N1R1
 RESIDUE 1479 OPERATED ON BY TRANSFORMATION Z0N1Z0R1
 RESIDUE 1480 OPERATED ON BY TRANSFORMATION Z0N1Z0R1
 RESIDUE 1481 OPERATED ON BY TRANSFORMATION Z0N1Z0R1
 RESIDUE 1482 OPERATED ON BY TRANSFORMATION Z0N1Z0R1
 RESIDUE 1484 OPERATED ON BY TRANSFORMATION N1Z0Z0R1
 RESIDUE 1485 OPERATED ON BY TRANSFORMATION N1Z0Z0R1
 RESIDUE 1490 OPERATED ON BY TRANSFORMATION N1Z0Z0R1
 RESIDUE 1491 OPERATED ON BY TRANSFORMATION Z0N1Z0R1
 RESIDUE 1493 OPERATED ON BY TRANSFORMATION Z0N1Z0R1
 RESIDUE 1494 OPERATED ON BY TRANSFORMATION Z0Z0N1R1
 RESIDUE 1495 OPERATED ON BY TRANSFORMATION Z0Z0N1R1
 RESIDUE 1496 OPERATED ON BY TRANSFORMATION Z0N1Z0R1
 RESIDUE 1497 OPERATED ON BY TRANSFORMATION N1Z0Z0R1
 RESIDUE 1498 OPERATED ON BY TRANSFORMATION N1Z0Z0R1
 RESIDUE 1499 OPERATED ON BY TRANSFORMATION N1Z0Z0R1
 RESIDUE 1500 OPERATED ON BY TRANSFORMATION N1Z0Z0R1
 RESIDUE 1501 OPERATED ON BY TRANSFORMATION N1Z0Z0R1
 RESIDUE 1502 OPERATED ON BY TRANSFORMATION N1Z0Z0R1
 RESIDUE 1503 OPERATED ON BY TRANSFORMATION Z0N1Z0R1
 RESIDUE 1504 OPERATED ON BY TRANSFORMATION Z0N1Z0R1
 RESIDUE 1505 OPERATED ON BY TRANSFORMATION Z0N1Z0R1
 RESIDUE 1506 OPERATED ON BY TRANSFORMATION Z0N1Z0R1
 RESIDUE 1507 OPERATED ON BY TRANSFORMATION Z0N1Z0R1
 RESIDUE 1508 OPERATED ON BY TRANSFORMATION Z0N1Z0R1
 RESIDUE 1509 OPERATED ON BY TRANSFORMATION Z0N1Z0R1
 RESIDUE 1510 OPERATED ON BY TRANSFORMATION Z0N1Z0R1
 RESIDUE 1511 OPERATED ON BY TRANSFORMATION Z0N1Z0R1
 RESIDUE 1512 OPERATED ON BY TRANSFORMATION Z0N1Z0R1
 RESIDUE 1513 OPERATED ON BY TRANSFORMATION Z0N1Z0R1
 RESIDUE 1514 OPERATED ON BY TRANSFORMATION Z0N1Z0R1
 RESIDUE 1515 OPERATED ON BY TRANSFORMATION Z0N1Z0R1
 RESIDUE 1516 OPERATED ON BY TRANSFORMATION Z0N1Z0R1
 RESIDUE 1517 OPERATED ON BY TRANSFORMATION Z0Z0N1R1
 RESIDUE 1518 OPERATED ON BY TRANSFORMATION Z0Z0N1R1
 RESIDUE 1519 OPERATED ON BY TRANSFORMATION Z0Z0N1R1
 RESIDUE 1520 OPERATED ON BY TRANSFORMATION Z0Z0N1R1
 RESIDUE 1521 OPERATED ON BY TRANSFORMATION Z0Z0N1R1
 RESIDUE 1522 OPERATED ON BY TRANSFORMATION Z0Z0N1R1
 RESIDUE 1523 OPERATED ON BY TRANSFORMATION Z0Z0N1R1
 RESIDUE 1524 OPERATED ON BY TRANSFORMATION Z0Z0N1R1
 RESIDUE 1525 OPERATED ON BY TRANSFORMATION Z0Z0N1R1
 RESIDUE 1526 OPERATED ON BY TRANSFORMATION Z0Z0N1R1
 RESIDUE 1527 OPERATED ON BY TRANSFORMATION Z0Z0N1R1
 RESIDUE 1528 OPERATED ON BY TRANSFORMATION Z0Z0N1R1
 RESIDUE 1529 OPERATED ON BY TRANSFORMATION Z0Z0N1R1
 RESIDUE 1530 OPERATED ON BY TRANSFORMATION Z0Z0N1R1
 RESIDUE 1531 OPERATED ON BY TRANSFORMATION Z0Z0N1R1
 RESIDUE 1532 OPERATED ON BY TRANSFORMATION Z0Z0N1R1
 RESIDUE 1533 OPERATED ON BY TRANSFORMATION Z0Z0N1R1
 RESIDUE 1534 OPERATED ON BY TRANSFORMATION Z0Z0N1R1
 RESIDUE 1535 OPERATED ON BY TRANSFORMATION Z0Z0N1R1
 RESIDUE 1536 OPERATED ON BY TRANSFORMATION Z0Z0N1R1
 RESIDUE 1537 OPERATED ON BY TRANSFORMATION Z0Z0N1R1
 RESIDUE 1538 OPERATED ON BY TRANSFORMATION Z0Z0N1R1
 RESIDUE 1539 OPERATED ON BY TRANSFORMATION Z0Z0N1R1
 RESIDUE 1540 OPERATED ON BY TRANSFORMATION Z0Z0N1R1
 RESIDUE 1541 OPERATED ON BY TRANSFORMATION Z0Z0N1R1
 RESIDUE 1542 OPERATED ON BY TRANSFORMATION Z0Z0N1R1
 RESIDUE 1543 OPERATED ON BY TRANSFORMATION Z0Z0N1R1
 RESIDUE 1544 OPERATED ON BY TRANSFORMATION Z0Z0N1R1
 RESIDUE 1545 OPERATED ON BY TRANSFORMATION Z0Z0N1R1
 RESIDUE 1546 OPERATED ON BY TRANSFORMATION Z0Z0N1R1
 RESIDUE 1547 OPERATED ON BY TRANSFORMATION Z0Z0N1R1
 RESIDUE 1548 OPERATED ON BY TRANSFORMATION Z0Z0N1R1
 RESIDUE 1549 OPERATED ON BY TRANSFORMATION Z0Z0N1R1
 RESIDUE 1550 OPERATED ON BY TRANSFORMATION Z0Z0N1R1
 RESIDUE 1551 OPERATED ON BY TRANSFORMATION Z0Z0N1R1
 RESIDUE 1552 OPERATED ON BY TRANSFORMATION Z0Z0N1R1

 <MKIMAT2>: updating the image atom lists and remapping
 Transformation   Atoms  Groups  Residues  Min-Distance
    1  N1N1N2R1 has       0       0       0       25.80
    2  N1Z0N2R1 has       0       0       0       25.80
    3  N1P1N2R1 has       0       0       0       25.96
    4  Z0N1N2R1 has       0       0       0       25.64
    5  Z0Z0N2R1 has       0       0       0       25.58
    6  Z0P1N2R1 has       0       0       0       25.60
    7  N2N1N1R1 has       0       0       0       26.50
    8  N2Z0N1R1 has       0       0       0       25.91
    9  N2P1N1R1 has       0       0       0       25.91
   10  N1N2N1R1 has       0       0       0       25.99
   11  N1N1N1R1 has     354     118     118        0.95
   12  N1Z0N1R1 has    1083     361     361        0.00
   13  N1P1N1R1 has     354     118     118        0.59
   14  N1P2N1R1 has       0       0       0       25.91
   15  Z0N2N1R1 has       0       0       0       25.95
   16  Z0N1N1R1 has    1101     367     367        0.00
   17  Z0Z0N1R1 has    2498     831     825        0.00
   18  Z0P1N1R1 has    1119     373     373        0.52
   19  Z0P2N1R1 has       0       0       0       25.91
   20  N2N1Z0R1 has       0       0       0       25.78
   21  N2Z0Z0R1 has       0       0       0       25.38
   22  N2P1Z0R1 has       0       0       0       25.38
   23  N1N2Z0R1 has       0       0       0       25.84
   24  N1N1Z0R1 has    1113     371     371        0.00
   25  N1Z0Z0R1 has    2563     853     848        0.00
   26  N1P1Z0R1 has    1047     349     349        0.00
   27  N1P2Z0R1 has       0       0       0       25.85
   28  Z0N2Z0R1 has       0       0       0       25.84
   29  Z0N1Z0R1 has    2547     848     844        0.00
   32  N2N1P1R1 has       0       0       0       26.28
   33  N2Z0P1R1 has       0       0       0       25.50
   34  N2P1P1R1 has       0       0       0       25.50
   35  N1N2P1R1 has       0       0       0       26.34
   36  N1N1P1R1 has     387     129     129        2.09
   37  N1Z0P1R1 has    1137     379     379        0.00
   38  N1P1P1R1 has     375     125     125        0.24
   39  N1P2P1R1 has       0       0       0       26.06
   45  N1N1P2R1 has       0       0       0       25.73
   46  N1Z0P2R1 has       0       0       0       25.73
   47  N1P1P2R1 has       0       0       0       26.19
 Total of20357 atoms and 6780 groups and 6759 residues were included

  
 CHARMM>     
  
 CHARMM>    coor diff
 SELECTED COORDINATES DIFFERENCED TO THE MAIN SET.

  
 CHARMM>    define sel1   -
 CHARMM>    select .byres. (property x .ne. 0.0 .or. property y .ne. 0.0 .or. property z .ne. 0.0) end
 SELRPN>   2901 atoms have been selected out of   4679
  
 CHARMM>     
  
 CHARMM>    coor swap
 SELECTED COORDINATES SWAPPED.

  
 CHARMM>     
  
 CHARMM>    ! we need to set bomlev down, otherwise we get an error about modifying the PSF when image
 CHARMM>    ! centering is active
 CHARMM>    bomlev -1
  
 CHARMM>    delete atom sele sel1 end
 SELRPN>   2901 atoms have been selected out of   4679

 Message from MAPIC: Atom numbers are changed.

 Message from MAPIC:        967 residues deleted.
 DELTIC:      2901 bonds deleted
 DELTIC:       967 angles deleted
 DELTIC:       967 acceptors deleted

      ***** LEVEL  0 WARNING FROM <CLIMAG> *****
      ***** PSF modified with image centering active: Now off.
      ******************************************
      BOMLEV ( -1) IS NOT REACHED. WRNLEV IS  1

 PSFSUM> PSF modified: NONBOND lists and IMAGE atoms cleared.
 PSFSUM> Summary of the structure file counters :
         Number of segments      =        2   Number of residues   =      585
         Number of atoms         =     1778   Number of groups     =      591
         Number of bonds         =     1777   Number of angles     =      632
         Number of dihedrals     =       63   Number of impropers  =        0
         Number of cross-terms   =        0   Number of autogens   =        0
         Number of HB acceptors  =      584   Number of HB donors  =        0
         Number of NB exclusions =        0   Total charge =   -0.00000
  
 CHARMM>    bomlev 0
  
 CHARMM>     
  
 CHARMM>    ! we want to do a quick-and-dirty minimization to remove bad contacts. Therefore, we should
 CHARMM>    ! set up shake and the non-bond parameters again.
 CHARMM>    shake bonh param sele all end
 SELRPN>   1778 atoms have been selected out of   1778
 SHKCOM> SHAKE parameters: TOL =   0.1000D-09 MXITer =    500

            1770 constraints will held by SHAKE.
  
 CHARMM>    nbond inbfrq -1 elec fswitch vdw vswitch cutnb 16. ctofnb 12. ctonnb 10.

 <MKIMAT2>: updating the image atom lists and remapping
 Transformation   Atoms  Groups  Residues  Min-Distance
    1  N1N1N2R1 has       0       0       0       26.22
    2  N1Z0N2R1 has       0       0       0       25.92
    3  N1P1N2R1 has       0       0       0       25.96
    4  Z0N1N2R1 has       0       0       0       25.64
    5  Z0Z0N2R1 has       0       0       0       25.58
    6  Z0P1N2R1 has       0       0       0       25.87
    7  N2N1N1R1 has       0       0       0       27.06
    8  N2Z0N1R1 has       0       0       0       26.57
    9  N2P1N1R1 has       0       0       0       26.95
   10  N1N2N1R1 has       0       0       0       26.89
   11  N1N1N1R1 has      84      28      28        0.95
   12  N1Z0N1R1 has     387     129     129        0.20
   13  N1P1N1R1 has     117      39      39        1.77
   14  N1P2N1R1 has       0       0       0       25.91
   15  Z0N2N1R1 has       0       0       0       26.26
   16  Z0N1N1R1 has     357     119     119        0.83
   17  Z0Z0N1R1 has     964     320     315        0.00
   18  Z0P1N1R1 has     351     117     117        0.59
   19  Z0P2N1R1 has       0       0       0       25.91
   20  N2N1Z0R1 has       0       0       0       26.19
   21  N2Z0Z0R1 has       0       0       0       25.69
   22  N2P1Z0R1 has       0       0       0       25.69
   23  N1N2Z0R1 has       0       0       0       25.94
   24  N1N1Z0R1 has     354     118     118        0.95
   25  N1Z0Z0R1 has     975     324     320        0.00
   26  N1P1Z0R1 has     345     115     115        0.00
   27  N1P2Z0R1 has       0       0       0       25.85
   28  Z0N2Z0R1 has       0       0       0       25.84
   29  Z0N1Z0R1 has     954     317     313        0.00
   32  N2N1P1R1 has       0       0       0       27.47
   33  N2Z0P1R1 has       0       0       0       26.39
   34  N2P1P1R1 has       0       0       0       27.00
   35  N1N2P1R1 has       0       0       0       27.23
   36  N1N1P1R1 has      72      24      24        2.09
   37  N1Z0P1R1 has     372     124     124        0.82
   38  N1P1P1R1 has      99      33      33        1.42
   39  N1P2P1R1 has       0       0       0       26.14
   45  N1N1P2R1 has       0       0       0       26.74
   46  N1Z0P2R1 has       0       0       0       25.73
   47  N1P1P2R1 has       0       0       0       26.94
 Total of 7209 atoms and 2398 groups and 2379 residues were included

 ***** Info from GTNBCT *****
 CUTIM is reset to  16.0 from  14.0

 NONBOND OPTION FLAGS: 
     ELEC     VDW      ATOMs    CDIElec  FSWItch  VATOm    VSWItch 
     BYGRoup  NOEXtnd  NOEWald 
 CUTNB  = 16.000 CTEXNB =999.000 CTONNB = 10.000 CTOFNB = 12.000
 CGONNB =  0.000 CGOFNB = 10.000
 WMIN   =  1.500 WRNMXD =  0.500 E14FAC =  0.500 EPS    =  1.000
 NBXMOD =      5
 There are        0 atom  pairs and        0 atom  exclusions.
 There are        0 group pairs and        0 group exclusions.
 <MAKINB> with mode   5 found   1825 exclusions and     63 interactions(1-4)
 <MAKGRP> found     15 group exclusions.
 <MAKGRP> found      0 image group exclusions.
 Generating nonbond list with Exclusion mode = 5
 == PRIMARY == SPACE FOR   762643 ATOM PAIRS AND        0 GROUP PAIRS

 General atom nonbond list generation found:
   666984 ATOM PAIRS WERE FOUND FOR ATOM LIST
    24260 GROUP PAIRS REQUIRED ATOM SEARCHES

 SPACE FOR  2045148 ATOM PAIRS AND        0 GROUP PAIRS

 Image nonbond list generation found:
   769685 ATOM PAIRS WERE FOUND FOR ATOM LIST
        0 ATOM PAIRS WERE FOUND FOR ATOM SELF LIST
    51339 GROUP PAIRS REQUIRED ATOM SEARCHES

  
 CHARMM>     
  
 CHARMM>    !cons harm abso force 10.0 mass select (segid PROT .or. segid LIG1 .or. segid LIG) show end comp
 CHARMM>    !mini sd nstep 100 nprint 1 tolgrd 100.0
 CHARMM>     
  
 CHARMM>    ioform extended
 MISCOM> Expanded I/O format is used.
  
 CHARMM>     
  
 CHARMM>    ! since we've changed the structure by adding waters, we need to write out a new PSF
 CHARMM>    write psf card name @dir/@lig-solvated.psf
 Parameter: DIR -> "."
 Parameter: LIG -> "LIG7"
 VOPEN> Attempting to open::./lig7-solvated.psf::
 RDTITL> * LIG7_SOLVATED.PSF
 RDTITL> * SOLVATION: CUBIC WITH A CRYSTAL DIMENSION OF 26.5925696
 RDTITL> *
 VCLOSE: Closing unit   90 with status "KEEP"
 VCLOSE: Closing unit   90 with status "KEEP"
  
 CHARMM>     
  
 CHARMM>    write coor card name @dir/@lig-solvated.crd
 Parameter: DIR -> "."
 Parameter: LIG -> "LIG7"
 VOPEN> Attempting to open::./lig7-solvated.crd::
 RDTITL> * LIG7_SOLVATED.CRD
 RDTITL> * SOLVATION: CUBIC WITH A CRYSTAL DIMENSION OF 26.5925696
 RDTITL> *
 VCLOSE: Closing unit   90 with status "KEEP"
 VCLOSE: Closing unit   90 with status "KEEP"
  
 CHARMM>     
  
 CHARMM>     
  
 CHARMM>    write coor card pdb name @dir/@lig-solvated.pdb
 Parameter: DIR -> "."
 Parameter: LIG -> "LIG7"
 VOPEN> Attempting to open::./lig7-solvated.pdb::
 RDTITL> STOP
  Write CHARMM-pdb format
 VCLOSE: Closing unit   90 with status "KEEP"
  
 CHARMM>    stop
      $$$$$$  New timer profile Local node$$$$$
   Shake Setup                     0.00 Other:            0.00
 Total time                      5.33 Other:            5.33
         $$$$$$  Average   profile $$$$$
   Shake Setup                     0.00 Other:            0.00
 Total time                      5.33 Other:            5.33

                    NORMAL TERMINATION BY NORMAL STOP
                    MOST SEVERE WARNING WAS AT LEVEL  0

                    $$$$$ JOB ACCOUNTING INFORMATION $$$$$
                     ELAPSED TIME:     5.38  SECONDS 
                         CPU TIME:     5.18  SECONDS 
